[0.083s] Invoking command in '/home/chris/ros2_ws/src/moveit_controller/build/moveit_controller': CMAKE_PREFIX_PATH=${CMAKE_PREFIX_PATH}:/opt/ros/humble /usr/bin/cmake --build /home/chris/ros2_ws/src/moveit_controller/build/moveit_controller -- -j12 -l12
[0.108s] -- Found ament_cmake: 1.3.6 (/opt/ros/humble/share/ament_cmake/cmake)
[0.268s] -- Found rclcpp: 16.0.7 (/opt/ros/humble/share/rclcpp/cmake)
[0.300s] -- Found rosidl_generator_c: 3.1.5 (/opt/ros/humble/share/rosidl_generator_c/cmake)
[0.303s] -- Found rosidl_adapter: 3.1.5 (/opt/ros/humble/share/rosidl_adapter/cmake)
[0.309s] -- Found rosidl_generator_cpp: 3.1.5 (/opt/ros/humble/share/rosidl_generator_cpp/cmake)
[0.324s] -- Using all available rosidl_typesupport_c: rosidl_typesupport_fastrtps_c;rosidl_typesupport_introspection_c
[0.342s] -- Using all available rosidl_typesupport_cpp: rosidl_typesupport_fastrtps_cpp;rosidl_typesupport_introspection_cpp
[0.396s] -- Found rmw_implementation_cmake: 6.1.1 (/opt/ros/humble/share/rmw_implementation_cmake/cmake)
[0.397s] -- Found rmw_fastrtps_cpp: 6.2.5 (/opt/ros/humble/share/rmw_fastrtps_cpp/cmake)
[0.517s] -- Using RMW implementation 'rmw_fastrtps_cpp' as default
[0.667s] -- Found rclpy: 3.3.11 (/opt/ros/humble/share/rclpy/cmake)
[0.795s] -- Configuring done
[0.805s] -- Generating done
[0.807s] -- Build files have been written to: /home/chris/ros2_ws/src/moveit_controller/build/moveit_controller
[0.838s] [35m[1mConsolidate compiler generated dependencies of target eip_adapter[0m
[0.855s] [100%] Built target eip_adapter
[0.861s] [100%] Built target ament_cmake_python_copy_moveit_controller_setup
[0.861s] [100%] Built target ament_cmake_python_copy_moveit_controller
[1.163s] running egg_info
[1.163s] writing moveit_controller.egg-info/PKG-INFO
[1.164s] writing dependency_links to moveit_controller.egg-info/dependency_links.txt
[1.164s] writing top-level names to moveit_controller.egg-info/top_level.txt
[1.167s] reading manifest file 'moveit_controller.egg-info/SOURCES.txt'
[1.168s] writing manifest file 'moveit_controller.egg-info/SOURCES.txt'
[1.197s] [100%] Built target ament_cmake_python_build_moveit_controller_egg
[1.210s] Invoked command in '/home/chris/ros2_ws/src/moveit_controller/build/moveit_controller' returned '0': CMAKE_PREFIX_PATH=${CMAKE_PREFIX_PATH}:/opt/ros/humble /usr/bin/cmake --build /home/chris/ros2_ws/src/moveit_controller/build/moveit_controller -- -j12 -l12
[1.248s] Invoking command in '/home/chris/ros2_ws/src/moveit_controller/build/moveit_controller': CMAKE_PREFIX_PATH=${CMAKE_PREFIX_PATH}:/opt/ros/humble /usr/bin/cmake --install /home/chris/ros2_ws/src/moveit_controller/build/moveit_controller
[1.257s] -- Install configuration: ""
[1.257s] -- Up-to-date: /home/chris/ros2_ws/src/moveit_controller/install/moveit_controller/lib/moveit_controller/eip_adapter
[1.257s] -- Up-to-date: /home/chris/ros2_ws/src/moveit_controller/install/moveit_controller/lib/moveit_controller/controller
[1.258s] -- Up-to-date: /home/chris/ros2_ws/src/moveit_controller/install/moveit_controller/lib/moveit_controller/part_manager
[1.258s] -- Up-to-date: /home/chris/ros2_ws/src/moveit_controller/install/moveit_controller/share/moveit_controller/launch
[1.258s] -- Up-to-date: /home/chris/ros2_ws/src/moveit_controller/install/moveit_controller/share/moveit_controller/launch/controller.launch.py
[1.258s] -- Up-to-date: /home/chris/ros2_ws/src/moveit_controller/install/moveit_controller/share/moveit_controller/launch/fanuc_nodes.launch.py
[1.258s] -- Up-to-date: /home/chris/ros2_ws/src/moveit_controller/install/moveit_controller/share/moveit_controller/launch/ethernet_adapter.launch.py
[1.258s] -- Up-to-date: /home/chris/ros2_ws/src/moveit_controller/install/moveit_controller/share/moveit_controller/meshes
[1.258s] -- Up-to-date: /home/chris/ros2_ws/src/moveit_controller/install/moveit_controller/share/moveit_controller/meshes/part.stl
[1.258s] -- Up-to-date: /home/chris/ros2_ws/src/moveit_controller/install/moveit_controller/share/moveit_controller/config
[1.258s] -- Up-to-date: /home/chris/ros2_ws/src/moveit_controller/install/moveit_controller/share/moveit_controller/config/config.yaml
[1.258s] -- Up-to-date: /home/chris/ros2_ws/src/moveit_controller/install/moveit_controller/share/moveit_controller/environment/pythonpath.sh
[1.259s] -- Installing: /home/chris/ros2_ws/src/moveit_controller/install/moveit_controller/share/moveit_controller/environment/pythonpath.dsv
[1.259s] -- Up-to-date: /home/chris/ros2_ws/src/moveit_controller/install/moveit_controller/local/lib/python3.10/dist-packages/moveit_controller-0.0.0-py3.10.egg-info
[1.259s] -- Installing: /home/chris/ros2_ws/src/moveit_controller/install/moveit_controller/local/lib/python3.10/dist-packages/moveit_controller-0.0.0-py3.10.egg-info/dependency_links.txt
[1.259s] -- Installing: /home/chris/ros2_ws/src/moveit_controller/install/moveit_controller/local/lib/python3.10/dist-packages/moveit_controller-0.0.0-py3.10.egg-info/top_level.txt
[1.259s] -- Installing: /home/chris/ros2_ws/src/moveit_controller/install/moveit_controller/local/lib/python3.10/dist-packages/moveit_controller-0.0.0-py3.10.egg-info/SOURCES.txt
[1.259s] -- Installing: /home/chris/ros2_ws/src/moveit_controller/install/moveit_controller/local/lib/python3.10/dist-packages/moveit_controller-0.0.0-py3.10.egg-info/PKG-INFO
[1.259s] -- Up-to-date: /home/chris/ros2_ws/src/moveit_controller/install/moveit_controller/local/lib/python3.10/dist-packages/moveit_controller
[1.260s] -- Installing: /home/chris/ros2_ws/src/moveit_controller/install/moveit_controller/local/lib/python3.10/dist-packages/moveit_controller/goal_builder.py
[1.260s] -- Up-to-date: /home/chris/ros2_ws/src/moveit_controller/install/moveit_controller/local/lib/python3.10/dist-packages/moveit_controller/error_codes.py
[1.260s] -- Up-to-date: /home/chris/ros2_ws/src/moveit_controller/install/moveit_controller/local/lib/python3.10/dist-packages/moveit_controller/part_manager.py
[1.260s] -- Up-to-date: /home/chris/ros2_ws/src/moveit_controller/install/moveit_controller/local/lib/python3.10/dist-packages/moveit_controller/comm.py
[1.260s] -- Up-to-date: /home/chris/ros2_ws/src/moveit_controller/install/moveit_controller/local/lib/python3.10/dist-packages/moveit_controller/controller.py
[1.260s] -- Up-to-date: /home/chris/ros2_ws/src/moveit_controller/install/moveit_controller/local/lib/python3.10/dist-packages/moveit_controller/__init__.py
[1.291s] Listing '/home/chris/ros2_ws/src/moveit_controller/install/moveit_controller/local/lib/python3.10/dist-packages/moveit_controller'...
[1.291s] Compiling '/home/chris/ros2_ws/src/moveit_controller/install/moveit_controller/local/lib/python3.10/dist-packages/moveit_controller/goal_builder.py'...
[1.296s] -- Up-to-date: /home/chris/ros2_ws/src/moveit_controller/install/moveit_controller/share/ament_index/resource_index/package_run_dependencies/moveit_controller
[1.296s] -- Up-to-date: /home/chris/ros2_ws/src/moveit_controller/install/moveit_controller/share/ament_index/resource_index/parent_prefix_path/moveit_controller
[1.296s] -- Up-to-date: /home/chris/ros2_ws/src/moveit_controller/install/moveit_controller/share/moveit_controller/environment/ament_prefix_path.sh
[1.296s] -- Installing: /home/chris/ros2_ws/src/moveit_controller/install/moveit_controller/share/moveit_controller/environment/ament_prefix_path.dsv
[1.296s] -- Up-to-date: /home/chris/ros2_ws/src/moveit_controller/install/moveit_controller/share/moveit_controller/environment/path.sh
[1.296s] -- Installing: /home/chris/ros2_ws/src/moveit_controller/install/moveit_controller/share/moveit_controller/environment/path.dsv
[1.296s] -- Up-to-date: /home/chris/ros2_ws/src/moveit_controller/install/moveit_controller/share/moveit_controller/local_setup.bash
[1.296s] -- Up-to-date: /home/chris/ros2_ws/src/moveit_controller/install/moveit_controller/share/moveit_controller/local_setup.sh
[1.297s] -- Up-to-date: /home/chris/ros2_ws/src/moveit_controller/install/moveit_controller/share/moveit_controller/local_setup.zsh
[1.297s] -- Installing: /home/chris/ros2_ws/src/moveit_controller/install/moveit_controller/share/moveit_controller/local_setup.dsv
[1.297s] -- Installing: /home/chris/ros2_ws/src/moveit_controller/install/moveit_controller/share/moveit_controller/package.dsv
[1.297s] -- Up-to-date: /home/chris/ros2_ws/src/moveit_controller/install/moveit_controller/share/ament_index/resource_index/packages/moveit_controller
[1.297s] -- Up-to-date: /home/chris/ros2_ws/src/moveit_controller/install/moveit_controller/share/moveit_controller/cmake/moveit_controllerConfig.cmake
[1.297s] -- Up-to-date: /home/chris/ros2_ws/src/moveit_controller/install/moveit_controller/share/moveit_controller/cmake/moveit_controllerConfig-version.cmake
[1.297s] -- Up-to-date: /home/chris/ros2_ws/src/moveit_controller/install/moveit_controller/share/moveit_controller/package.xml
[1.299s] Invoked command in '/home/chris/ros2_ws/src/moveit_controller/build/moveit_controller' returned '0': CMAKE_PREFIX_PATH=${CMAKE_PREFIX_PATH}:/opt/ros/humble /usr/bin/cmake --install /home/chris/ros2_ws/src/moveit_controller/build/moveit_controller
