-- Found ament_cmake: 1.3.6 (/opt/ros/humble/share/ament_cmake/cmake)
-- Found rclcpp: 16.0.7 (/opt/ros/humble/share/rclcpp/cmake)
-- Found rosidl_generator_c: 3.1.5 (/opt/ros/humble/share/rosidl_generator_c/cmake)
-- Found rosidl_adapter: 3.1.5 (/opt/ros/humble/share/rosidl_adapter/cmake)
-- Found rosidl_generator_cpp: 3.1.5 (/opt/ros/humble/share/rosidl_generator_cpp/cmake)
-- Using all available rosidl_typesupport_c: rosidl_typesupport_fastrtps_c;rosidl_typesupport_introspection_c
-- Using all available rosidl_typesupport_cpp: rosidl_typesupport_fastrtps_cpp;rosidl_typesupport_introspection_cpp
-- Found rmw_implementation_cmake: 6.1.1 (/opt/ros/humble/share/rmw_implementation_cmake/cmake)
-- Found rmw_fastrtps_cpp: 6.2.5 (/opt/ros/humble/share/rmw_fastrtps_cpp/cmake)
-- Using RMW implementation 'rmw_fastrtps_cpp' as default
-- Found rclpy: 3.3.11 (/opt/ros/humble/share/rclpy/cmake)
-- Configuring done
-- Generating done
-- Build files have been written to: /home/chris/ros2_ws/src/moveit_controller/build/moveit_controller
[ 50%] [32mBuilding CXX object CMakeFiles/eip_adapter.dir/src/eip_adapter.cpp.o[0m
[ 50%] Built target ament_cmake_python_copy_moveit_controller_setup
[ 50%] Built target ament_cmake_python_copy_moveit_controller
[01m[K/home/chris/ros2_ws/src/moveit_controller/src/eip_adapter.cpp:30:[m[K [01;35m[Kwarning: [m[K"INPUT_ASSEMBLY_SIZE" redefined
   30 | #define INPUT_ASSEMBLY_SIZE    16
      | 
In file included from [01m[K/home/chris/ros2_ws/src/moveit_controller/src/eip_adapter.cpp:5[m[K:
[01m[K/home/chris/ros2_ws/src/moveit_controller/include/OpENerInterface.hpp:21:[m[K [01;36m[Knote: [m[Kthis is the location of the previous definition
   21 | #define INPUT_ASSEMBLY_SIZE    32
      | 
[01m[K/home/chris/ros2_ws/src/moveit_controller/src/eip_adapter.cpp:31:[m[K [01;35m[Kwarning: [m[K"OUTPUT_ASSEMBLY_SIZE" redefined
   31 | #define OUTPUT_ASSEMBLY_SIZE   16
      | 
In file included from [01m[K/home/chris/ros2_ws/src/moveit_controller/src/eip_adapter.cpp:5[m[K:
[01m[K/home/chris/ros2_ws/src/moveit_controller/include/OpENerInterface.hpp:22:[m[K [01;36m[Knote: [m[Kthis is the location of the previous definition
   22 | #define OUTPUT_ASSEMBLY_SIZE   32
      | 
running egg_info
writing moveit_controller.egg-info/PKG-INFO
writing dependency_links to moveit_controller.egg-info/dependency_links.txt
writing top-level names to moveit_controller.egg-info/top_level.txt
reading manifest file 'moveit_controller.egg-info/SOURCES.txt'
writing manifest file 'moveit_controller.egg-info/SOURCES.txt'
[100%] [32m[1mLinking CXX executable eip_adapter[0m
[100%] Built target ament_cmake_python_build_moveit_controller_egg
[100%] Built target eip_adapter
-- Install configuration: ""
-- Installing: /home/chris/ros2_ws/src/moveit_controller/install/moveit_controller/lib/moveit_controller/eip_adapter
-- Set runtime path of "/home/chris/ros2_ws/src/moveit_controller/install/moveit_controller/lib/moveit_controller/eip_adapter" to ""
-- Installing: /home/chris/ros2_ws/src/moveit_controller/install/moveit_controller/lib/moveit_controller/controller
-- Installing: /home/chris/ros2_ws/src/moveit_controller/install/moveit_controller/lib/moveit_controller/part_manager
-- Up-to-date: /home/chris/ros2_ws/src/moveit_controller/install/moveit_controller/share/moveit_controller/environment/pythonpath.sh
-- Installing: /home/chris/ros2_ws/src/moveit_controller/install/moveit_controller/share/moveit_controller/environment/pythonpath.dsv
-- Up-to-date: /home/chris/ros2_ws/src/moveit_controller/install/moveit_controller/local/lib/python3.10/dist-packages/moveit_controller-0.0.0-py3.10.egg-info
-- Installing: /home/chris/ros2_ws/src/moveit_controller/install/moveit_controller/local/lib/python3.10/dist-packages/moveit_controller-0.0.0-py3.10.egg-info/dependency_links.txt
-- Installing: /home/chris/ros2_ws/src/moveit_controller/install/moveit_controller/local/lib/python3.10/dist-packages/moveit_controller-0.0.0-py3.10.egg-info/top_level.txt
-- Installing: /home/chris/ros2_ws/src/moveit_controller/install/moveit_controller/local/lib/python3.10/dist-packages/moveit_controller-0.0.0-py3.10.egg-info/SOURCES.txt
-- Installing: /home/chris/ros2_ws/src/moveit_controller/install/moveit_controller/local/lib/python3.10/dist-packages/moveit_controller-0.0.0-py3.10.egg-info/PKG-INFO
-- Up-to-date: /home/chris/ros2_ws/src/moveit_controller/install/moveit_controller/local/lib/python3.10/dist-packages/moveit_controller
-- Installing: /home/chris/ros2_ws/src/moveit_controller/install/moveit_controller/local/lib/python3.10/dist-packages/moveit_controller/goal_builder.py
-- Up-to-date: /home/chris/ros2_ws/src/moveit_controller/install/moveit_controller/local/lib/python3.10/dist-packages/moveit_controller/error_codes.py
-- Installing: /home/chris/ros2_ws/src/moveit_controller/install/moveit_controller/local/lib/python3.10/dist-packages/moveit_controller/part_manager.py
-- Installing: /home/chris/ros2_ws/src/moveit_controller/install/moveit_controller/local/lib/python3.10/dist-packages/moveit_controller/comm.py
-- Installing: /home/chris/ros2_ws/src/moveit_controller/install/moveit_controller/local/lib/python3.10/dist-packages/moveit_controller/controller.py
-- Up-to-date: /home/chris/ros2_ws/src/moveit_controller/install/moveit_controller/local/lib/python3.10/dist-packages/moveit_controller/__init__.py
Listing '/home/chris/ros2_ws/src/moveit_controller/install/moveit_controller/local/lib/python3.10/dist-packages/moveit_controller'...
Compiling '/home/chris/ros2_ws/src/moveit_controller/install/moveit_controller/local/lib/python3.10/dist-packages/moveit_controller/comm.py'...
Compiling '/home/chris/ros2_ws/src/moveit_controller/install/moveit_controller/local/lib/python3.10/dist-packages/moveit_controller/controller.py'...
Compiling '/home/chris/ros2_ws/src/moveit_controller/install/moveit_controller/local/lib/python3.10/dist-packages/moveit_controller/goal_builder.py'...
Compiling '/home/chris/ros2_ws/src/moveit_controller/install/moveit_controller/local/lib/python3.10/dist-packages/moveit_controller/part_manager.py'...
-- Up-to-date: /home/chris/ros2_ws/src/moveit_controller/install/moveit_controller/share/moveit_controller/launch
-- Installing: /home/chris/ros2_ws/src/moveit_controller/install/moveit_controller/share/moveit_controller/launch/controller.launch.py
-- Installing: /home/chris/ros2_ws/src/moveit_controller/install/moveit_controller/share/moveit_controller/launch/fanuc_nodes.launch.py
-- Installing: /home/chris/ros2_ws/src/moveit_controller/install/moveit_controller/share/moveit_controller/launch/ethernet_adapter.launch.py
-- Installing: /home/chris/ros2_ws/src/moveit_controller/install/moveit_controller/share/moveit_controller/meshes
-- Installing: /home/chris/ros2_ws/src/moveit_controller/install/moveit_controller/share/moveit_controller/meshes/part.stl
-- Installing: /home/chris/ros2_ws/src/moveit_controller/install/moveit_controller/share/moveit_controller/config
-- Installing: /home/chris/ros2_ws/src/moveit_controller/install/moveit_controller/share/moveit_controller/config/config.yaml
-- Up-to-date: /home/chris/ros2_ws/src/moveit_controller/install/moveit_controller/share/ament_index/resource_index/package_run_dependencies/moveit_controller
-- Installing: /home/chris/ros2_ws/src/moveit_controller/install/moveit_controller/share/ament_index/resource_index/parent_prefix_path/moveit_controller
-- Up-to-date: /home/chris/ros2_ws/src/moveit_controller/install/moveit_controller/share/moveit_controller/environment/ament_prefix_path.sh
-- Installing: /home/chris/ros2_ws/src/moveit_controller/install/moveit_controller/share/moveit_controller/environment/ament_prefix_path.dsv
-- Up-to-date: /home/chris/ros2_ws/src/moveit_controller/install/moveit_controller/share/moveit_controller/environment/path.sh
-- Installing: /home/chris/ros2_ws/src/moveit_controller/install/moveit_controller/share/moveit_controller/environment/path.dsv
-- Up-to-date: /home/chris/ros2_ws/src/moveit_controller/install/moveit_controller/share/moveit_controller/local_setup.bash
-- Up-to-date: /home/chris/ros2_ws/src/moveit_controller/install/moveit_controller/share/moveit_controller/local_setup.sh
-- Up-to-date: /home/chris/ros2_ws/src/moveit_controller/install/moveit_controller/share/moveit_controller/local_setup.zsh
-- Installing: /home/chris/ros2_ws/src/moveit_controller/install/moveit_controller/share/moveit_controller/local_setup.dsv
-- Installing: /home/chris/ros2_ws/src/moveit_controller/install/moveit_controller/share/moveit_controller/package.dsv
-- Up-to-date: /home/chris/ros2_ws/src/moveit_controller/install/moveit_controller/share/ament_index/resource_index/packages/moveit_controller
-- Up-to-date: /home/chris/ros2_ws/src/moveit_controller/install/moveit_controller/share/moveit_controller/cmake/moveit_controllerConfig.cmake
-- Up-to-date: /home/chris/ros2_ws/src/moveit_controller/install/moveit_controller/share/moveit_controller/cmake/moveit_controllerConfig-version.cmake
-- Installing: /home/chris/ros2_ws/src/moveit_controller/install/moveit_controller/share/moveit_controller/package.xml
