[1.714s] DEBUG:colcon:Command line arguments: ['/usr/bin/colcon', 'build', '--packages-select', 'moveit_controller']
[1.714s] DEBUG:colcon:Parsed command line arguments: Namespace(log_base=None, log_level=None, verb_name='build', build_base='build', install_base='install', merge_install=False, symlink_install=False, test_result_base=None, continue_on_error=False, executor='parallel', parallel_workers=12, event_handlers=None, ignore_user_meta=False, metas=['./colcon.meta'], base_paths=['.'], packages_ignore=None, packages_ignore_regex=None, paths=None, packages_up_to=None, packages_up_to_regex=None, packages_above=None, packages_above_and_dependencies=None, packages_above_depth=None, packages_select_by_dep=None, packages_skip_by_dep=None, packages_skip_up_to=None, packages_select_build_failed=False, packages_skip_build_finished=False, packages_select_test_failures=False, packages_skip_test_passed=False, packages_select=['moveit_controller'], packages_skip=None, packages_select_regex=None, packages_skip_regex=None, packages_start=None, packages_end=None, allow_overriding=[], cmake_args=None, cmake_target=None, cmake_target_skip_unavailable=False, cmake_clean_cache=False, cmake_clean_first=False, cmake_force_configure=False, ament_cmake_args=None, catkin_cmake_args=None, catkin_skip_building_tests=False, verb_parser=<colcon_defaults.argument_parser.defaults.DefaultArgumentsDecorator object at 0x7b20355e1cc0>, verb_extension=<colcon_core.verb.build.BuildVerb object at 0x7b20355e0d00>, main=<bound method BuildVerb.main of <colcon_core.verb.build.BuildVerb object at 0x7b20355e0d00>>)
[1.790s] Level 1:colcon.colcon_core.package_discovery:discover_packages(colcon_meta) check parameters
[1.790s] Level 1:colcon.colcon_core.package_discovery:discover_packages(recursive) check parameters
[1.790s] Level 1:colcon.colcon_core.package_discovery:discover_packages(ignore) check parameters
[1.790s] Level 1:colcon.colcon_core.package_discovery:discover_packages(path) check parameters
[1.790s] Level 1:colcon.colcon_core.package_discovery:discover_packages(colcon_meta) discover
[1.790s] Level 1:colcon.colcon_core.package_discovery:discover_packages(recursive) discover
[1.791s] INFO:colcon.colcon_core.package_discovery:Crawling recursively for packages in '/home/chris/ros2_ws/src/moveit_controller'
[1.791s] Level 1:colcon.colcon_core.package_identification:_identify(.) by extensions ['ignore', 'ignore_ament_install']
[1.791s] Level 1:colcon.colcon_core.package_identification:_identify(.) by extension 'ignore'
[1.791s] Level 1:colcon.colcon_core.package_identification:_identify(.) by extension 'ignore_ament_install'
[1.791s] Level 1:colcon.colcon_core.package_identification:_identify(.) by extensions ['colcon_pkg']
[1.791s] Level 1:colcon.colcon_core.package_identification:_identify(.) by extension 'colcon_pkg'
[1.791s] Level 1:colcon.colcon_core.package_identification:_identify(.) by extensions ['colcon_meta']
[1.791s] Level 1:colcon.colcon_core.package_identification:_identify(.) by extension 'colcon_meta'
[1.791s] Level 1:colcon.colcon_core.package_identification:_identify(.) by extensions ['ros']
[1.792s] Level 1:colcon.colcon_core.package_identification:_identify(.) by extension 'ros'
[1.811s] DEBUG:colcon.colcon_core.package_identification:Package '.' with type 'ros.ament_cmake' and name 'moveit_controller'
[1.811s] Level 1:colcon.colcon_core.package_discovery:discover_packages(recursive) using defaults
[1.811s] Level 1:colcon.colcon_core.package_discovery:discover_packages(ignore) discover
[1.811s] Level 1:colcon.colcon_core.package_discovery:discover_packages(ignore) using defaults
[1.811s] Level 1:colcon.colcon_core.package_discovery:discover_packages(path) discover
[1.811s] Level 1:colcon.colcon_core.package_discovery:discover_packages(path) using defaults
[1.963s] Level 1:colcon.colcon_core.package_discovery:discover_packages(prefix_path) check parameters
[1.963s] Level 1:colcon.colcon_core.package_discovery:discover_packages(prefix_path) discover
[2.016s] DEBUG:colcon.colcon_installed_package_information.package_discovery:Found 1 installed packages in /home/chris/ros2_ws/install
[2.051s] DEBUG:colcon.colcon_installed_package_information.package_discovery:Found 5 installed packages in /home/chris/ros2_ws/src/fanuc_ros2_driver
[2.078s] DEBUG:colcon.colcon_installed_package_information.package_discovery:Found 354 installed packages in /opt/ros/humble
[2.081s] Level 1:colcon.colcon_core.package_discovery:discover_packages(prefix_path) using defaults
[2.236s] Level 5:colcon.colcon_core.verb:set package 'moveit_controller' build argument 'cmake_args' from command line to 'None'
[2.236s] Level 5:colcon.colcon_core.verb:set package 'moveit_controller' build argument 'cmake_target' from command line to 'None'
[2.236s] Level 5:colcon.colcon_core.verb:set package 'moveit_controller' build argument 'cmake_target_skip_unavailable' from command line to 'False'
[2.237s] Level 5:colcon.colcon_core.verb:set package 'moveit_controller' build argument 'cmake_clean_cache' from command line to 'False'
[2.237s] Level 5:colcon.colcon_core.verb:set package 'moveit_controller' build argument 'cmake_clean_first' from command line to 'False'
[2.237s] Level 5:colcon.colcon_core.verb:set package 'moveit_controller' build argument 'cmake_force_configure' from command line to 'False'
[2.237s] Level 5:colcon.colcon_core.verb:set package 'moveit_controller' build argument 'ament_cmake_args' from command line to 'None'
[2.237s] Level 5:colcon.colcon_core.verb:set package 'moveit_controller' build argument 'catkin_cmake_args' from command line to 'None'
[2.237s] Level 5:colcon.colcon_core.verb:set package 'moveit_controller' build argument 'catkin_skip_building_tests' from command line to 'False'
[2.237s] DEBUG:colcon.colcon_core.verb:Building package 'moveit_controller' with the following arguments: {'ament_cmake_args': None, 'build_base': '/home/chris/ros2_ws/src/moveit_controller/build/moveit_controller', 'catkin_cmake_args': None, 'catkin_skip_building_tests': False, 'cmake_args': None, 'cmake_clean_cache': False, 'cmake_clean_first': False, 'cmake_force_configure': False, 'cmake_target': None, 'cmake_target_skip_unavailable': False, 'install_base': '/home/chris/ros2_ws/src/moveit_controller/install/moveit_controller', 'merge_install': False, 'path': '/home/chris/ros2_ws/src/moveit_controller', 'symlink_install': False, 'test_result_base': None}
[2.262s] INFO:colcon.colcon_core.executor:Executing jobs using 'parallel' executor
[2.288s] DEBUG:colcon.colcon_parallel_executor.executor.parallel:run_until_complete
[2.288s] INFO:colcon.colcon_ros.task.ament_cmake.build:Building ROS package in '/home/chris/ros2_ws/src/moveit_controller' with build type 'ament_cmake'
[2.288s] INFO:colcon.colcon_cmake.task.cmake.build:Building CMake package in '/home/chris/ros2_ws/src/moveit_controller'
[2.318s] INFO:colcon.colcon_core.plugin_system:Skipping extension 'colcon_core.shell.bat': Not used on non-Windows systems
[2.318s] INFO:colcon.colcon_core.shell:Skip shell extension 'powershell' for command environment: Not usable outside of PowerShell
[2.318s] DEBUG:colcon.colcon_core.shell:Skip shell extension 'dsv' for command environment
[2.435s] DEBUG:colcon.colcon_core.event_handler.log_command:Invoking command in '/home/chris/ros2_ws/src/moveit_controller/build/moveit_controller': CMAKE_PREFIX_PATH=${CMAKE_PREFIX_PATH}:/opt/ros/humble /usr/bin/cmake --build /home/chris/ros2_ws/src/moveit_controller/build/moveit_controller -- -j12 -l12
[2.982s] DEBUG:colcon.colcon_core.event_handler.log_command:Invoked command in '/home/chris/ros2_ws/src/moveit_controller/build/moveit_controller' returned '0': CMAKE_PREFIX_PATH=${CMAKE_PREFIX_PATH}:/opt/ros/humble /usr/bin/cmake --build /home/chris/ros2_ws/src/moveit_controller/build/moveit_controller -- -j12 -l12
[3.033s] DEBUG:colcon.colcon_core.event_handler.log_command:Invoking command in '/home/chris/ros2_ws/src/moveit_controller/build/moveit_controller': CMAKE_PREFIX_PATH=${CMAKE_PREFIX_PATH}:/opt/ros/humble /usr/bin/cmake --install /home/chris/ros2_ws/src/moveit_controller/build/moveit_controller
[3.103s] Level 1:colcon.colcon_core.environment:create_environment_scripts_only(moveit_controller)
[3.104s] DEBUG:colcon.colcon_core.event_handler.log_command:Invoked command in '/home/chris/ros2_ws/src/moveit_controller/build/moveit_controller' returned '0': CMAKE_PREFIX_PATH=${CMAKE_PREFIX_PATH}:/opt/ros/humble /usr/bin/cmake --install /home/chris/ros2_ws/src/moveit_controller/build/moveit_controller
[3.137s] Level 1:colcon.colcon_core.environment:checking '/home/chris/ros2_ws/src/moveit_controller/install/moveit_controller' for CMake module files
[3.137s] Level 1:colcon.colcon_core.environment:checking '/home/chris/ros2_ws/src/moveit_controller/install/moveit_controller' for CMake config files
[3.138s] Level 1:colcon.colcon_core.shell:create_environment_hook('moveit_controller', 'cmake_prefix_path')
[3.163s] INFO:colcon.colcon_core.shell:Creating environment hook '/home/chris/ros2_ws/src/moveit_controller/install/moveit_controller/share/moveit_controller/hook/cmake_prefix_path.ps1'
[3.163s] INFO:colcon.colcon_core.shell:Creating environment descriptor '/home/chris/ros2_ws/src/moveit_controller/install/moveit_controller/share/moveit_controller/hook/cmake_prefix_path.dsv'
[3.164s] INFO:colcon.colcon_core.shell:Creating environment hook '/home/chris/ros2_ws/src/moveit_controller/install/moveit_controller/share/moveit_controller/hook/cmake_prefix_path.sh'
[3.166s] Level 1:colcon.colcon_core.environment:checking '/home/chris/ros2_ws/src/moveit_controller/install/moveit_controller/lib'
[3.166s] Level 1:colcon.colcon_core.environment:checking '/home/chris/ros2_ws/src/moveit_controller/install/moveit_controller/bin'
[3.166s] Level 1:colcon.colcon_core.environment:checking '/home/chris/ros2_ws/src/moveit_controller/install/moveit_controller/lib/pkgconfig/moveit_controller.pc'
[3.167s] Level 1:colcon.colcon_core.environment:checking '/home/chris/ros2_ws/src/moveit_controller/install/moveit_controller/lib/python3.10/site-packages'
[3.167s] Level 1:colcon.colcon_core.environment:checking '/home/chris/ros2_ws/src/moveit_controller/install/moveit_controller/bin'
[3.193s] INFO:colcon.colcon_core.shell:Creating package script '/home/chris/ros2_ws/src/moveit_controller/install/moveit_controller/share/moveit_controller/package.ps1'
[3.194s] INFO:colcon.colcon_core.shell:Creating package descriptor '/home/chris/ros2_ws/src/moveit_controller/install/moveit_controller/share/moveit_controller/package.dsv'
[3.195s] INFO:colcon.colcon_core.shell:Creating package script '/home/chris/ros2_ws/src/moveit_controller/install/moveit_controller/share/moveit_controller/package.sh'
[3.196s] INFO:colcon.colcon_core.shell:Creating package script '/home/chris/ros2_ws/src/moveit_controller/install/moveit_controller/share/moveit_controller/package.bash'
[3.197s] INFO:colcon.colcon_core.shell:Creating package script '/home/chris/ros2_ws/src/moveit_controller/install/moveit_controller/share/moveit_controller/package.zsh'
[3.198s] Level 1:colcon.colcon_core.environment:create_file_with_runtime_dependencies(/home/chris/ros2_ws/src/moveit_controller/install/moveit_controller/share/colcon-core/packages/moveit_controller)
[3.264s] Level 1:colcon.colcon_core.environment:create_environment_scripts_only(moveit_controller)
[3.289s] Level 1:colcon.colcon_core.environment:checking '/home/chris/ros2_ws/src/moveit_controller/install/moveit_controller' for CMake module files
[3.290s] Level 1:colcon.colcon_core.environment:checking '/home/chris/ros2_ws/src/moveit_controller/install/moveit_controller' for CMake config files
[3.290s] Level 1:colcon.colcon_core.shell:create_environment_hook('moveit_controller', 'cmake_prefix_path')
[3.316s] INFO:colcon.colcon_core.shell:Creating environment hook '/home/chris/ros2_ws/src/moveit_controller/install/moveit_controller/share/moveit_controller/hook/cmake_prefix_path.ps1'
[3.316s] INFO:colcon.colcon_core.shell:Creating environment descriptor '/home/chris/ros2_ws/src/moveit_controller/install/moveit_controller/share/moveit_controller/hook/cmake_prefix_path.dsv'
[3.317s] INFO:colcon.colcon_core.shell:Creating environment hook '/home/chris/ros2_ws/src/moveit_controller/install/moveit_controller/share/moveit_controller/hook/cmake_prefix_path.sh'
[3.317s] Level 1:colcon.colcon_core.environment:checking '/home/chris/ros2_ws/src/moveit_controller/install/moveit_controller/lib'
[3.318s] Level 1:colcon.colcon_core.environment:checking '/home/chris/ros2_ws/src/moveit_controller/install/moveit_controller/bin'
[3.318s] Level 1:colcon.colcon_core.environment:checking '/home/chris/ros2_ws/src/moveit_controller/install/moveit_controller/lib/pkgconfig/moveit_controller.pc'
[3.318s] Level 1:colcon.colcon_core.environment:checking '/home/chris/ros2_ws/src/moveit_controller/install/moveit_controller/lib/python3.10/site-packages'
[3.319s] Level 1:colcon.colcon_core.environment:checking '/home/chris/ros2_ws/src/moveit_controller/install/moveit_controller/bin'
[3.345s] INFO:colcon.colcon_core.shell:Creating package script '/home/chris/ros2_ws/src/moveit_controller/install/moveit_controller/share/moveit_controller/package.ps1'
[3.346s] INFO:colcon.colcon_core.shell:Creating package descriptor '/home/chris/ros2_ws/src/moveit_controller/install/moveit_controller/share/moveit_controller/package.dsv'
[3.347s] INFO:colcon.colcon_core.shell:Creating package script '/home/chris/ros2_ws/src/moveit_controller/install/moveit_controller/share/moveit_controller/package.sh'
[3.347s] INFO:colcon.colcon_core.shell:Creating package script '/home/chris/ros2_ws/src/moveit_controller/install/moveit_controller/share/moveit_controller/package.bash'
[3.348s] INFO:colcon.colcon_core.shell:Creating package script '/home/chris/ros2_ws/src/moveit_controller/install/moveit_controller/share/moveit_controller/package.zsh'
[3.348s] Level 1:colcon.colcon_core.environment:create_file_with_runtime_dependencies(/home/chris/ros2_ws/src/moveit_controller/install/moveit_controller/share/colcon-core/packages/moveit_controller)
[3.349s] DEBUG:colcon.colcon_parallel_executor.executor.parallel:closing loop
[3.349s] DEBUG:colcon.colcon_parallel_executor.executor.parallel:loop closed
[3.349s] DEBUG:colcon.colcon_parallel_executor.executor.parallel:run_until_complete finished with '0'
[3.349s] DEBUG:colcon.colcon_core.event_reactor:joining thread
[3.383s] INFO:colcon.colcon_core.plugin_system:Skipping extension 'colcon_notification.desktop_notification.terminal_notifier': Not used on non-Darwin systems
[3.383s] INFO:colcon.colcon_core.plugin_system:Skipping extension 'colcon_notification.desktop_notification.win32': Not used on non-Windows systems
[3.383s] INFO:colcon.colcon_notification.desktop_notification:Sending desktop notification using 'notify2'
[3.398s] DEBUG:colcon.colcon_core.event_reactor:joined thread
[3.426s] INFO:colcon.colcon_core.shell:Creating prefix script '/home/chris/ros2_ws/src/moveit_controller/install/local_setup.ps1'
[3.427s] INFO:colcon.colcon_core.shell:Creating prefix util module '/home/chris/ros2_ws/src/moveit_controller/install/_local_setup_util_ps1.py'
[3.429s] INFO:colcon.colcon_core.shell:Creating prefix chain script '/home/chris/ros2_ws/src/moveit_controller/install/setup.ps1'
[3.457s] INFO:colcon.colcon_core.shell:Creating prefix script '/home/chris/ros2_ws/src/moveit_controller/install/local_setup.sh'
[3.458s] INFO:colcon.colcon_core.shell:Creating prefix util module '/home/chris/ros2_ws/src/moveit_controller/install/_local_setup_util_sh.py'
[3.459s] INFO:colcon.colcon_core.shell:Creating prefix chain script '/home/chris/ros2_ws/src/moveit_controller/install/setup.sh'
[3.486s] INFO:colcon.colcon_core.shell:Creating prefix script '/home/chris/ros2_ws/src/moveit_controller/install/local_setup.bash'
[3.487s] INFO:colcon.colcon_core.shell:Creating prefix chain script '/home/chris/ros2_ws/src/moveit_controller/install/setup.bash'
[3.513s] INFO:colcon.colcon_core.shell:Creating prefix script '/home/chris/ros2_ws/src/moveit_controller/install/local_setup.zsh'
[3.514s] INFO:colcon.colcon_core.shell:Creating prefix chain script '/home/chris/ros2_ws/src/moveit_controller/install/setup.zsh'
