[1.081s] DEBUG:colcon:Command line arguments: ['/usr/bin/colcon', 'build', '--packages-select', 'moveit_controller']
[1.081s] DEBUG:colcon:Parsed command line arguments: Namespace(log_base=None, log_level=None, verb_name='build', build_base='build', install_base='install', merge_install=False, symlink_install=False, test_result_base=None, continue_on_error=False, executor='parallel', parallel_workers=12, event_handlers=None, ignore_user_meta=False, metas=['./colcon.meta'], base_paths=['.'], packages_ignore=None, packages_ignore_regex=None, paths=None, packages_up_to=None, packages_up_to_regex=None, packages_above=None, packages_above_and_dependencies=None, packages_above_depth=None, packages_select_by_dep=None, packages_skip_by_dep=None, packages_skip_up_to=None, packages_select_build_failed=False, packages_skip_build_finished=False, packages_select_test_failures=False, packages_skip_test_passed=False, packages_select=['moveit_controller'], packages_skip=None, packages_select_regex=None, packages_skip_regex=None, packages_start=None, packages_end=None, allow_overriding=[], cmake_args=None, cmake_target=None, cmake_target_skip_unavailable=False, cmake_clean_cache=False, cmake_clean_first=False, cmake_force_configure=False, ament_cmake_args=None, catkin_cmake_args=None, catkin_skip_building_tests=False, verb_parser=<colcon_defaults.argument_parser.defaults.DefaultArgumentsDecorator object at 0x76e231de1db0>, verb_extension=<colcon_core.verb.build.BuildVerb object at 0x76e231de0df0>, main=<bound method BuildVerb.main of <colcon_core.verb.build.BuildVerb object at 0x76e231de0df0>>)
[1.128s] Level 1:colcon.colcon_core.package_discovery:discover_packages(colcon_meta) check parameters
[1.129s] Level 1:colcon.colcon_core.package_discovery:discover_packages(recursive) check parameters
[1.129s] Level 1:colcon.colcon_core.package_discovery:discover_packages(ignore) check parameters
[1.129s] Level 1:colcon.colcon_core.package_discovery:discover_packages(path) check parameters
[1.129s] Level 1:colcon.colcon_core.package_discovery:discover_packages(colcon_meta) discover
[1.129s] Level 1:colcon.colcon_core.package_discovery:discover_packages(recursive) discover
[1.129s] INFO:colcon.colcon_core.package_discovery:Crawling recursively for packages in '/home/chris/ros2_ws/src/moveit_controller'
[1.129s] Level 1:colcon.colcon_core.package_identification:_identify(.) by extensions ['ignore', 'ignore_ament_install']
[1.129s] Level 1:colcon.colcon_core.package_identification:_identify(.) by extension 'ignore'
[1.129s] Level 1:colcon.colcon_core.package_identification:_identify(.) by extension 'ignore_ament_install'
[1.129s] Level 1:colcon.colcon_core.package_identification:_identify(.) by extensions ['colcon_pkg']
[1.129s] Level 1:colcon.colcon_core.package_identification:_identify(.) by extension 'colcon_pkg'
[1.129s] Level 1:colcon.colcon_core.package_identification:_identify(.) by extensions ['colcon_meta']
[1.129s] Level 1:colcon.colcon_core.package_identification:_identify(.) by extension 'colcon_meta'
[1.129s] Level 1:colcon.colcon_core.package_identification:_identify(.) by extensions ['ros']
[1.129s] Level 1:colcon.colcon_core.package_identification:_identify(.) by extension 'ros'
[1.142s] DEBUG:colcon.colcon_core.package_identification:Package '.' with type 'ros.ament_cmake' and name 'moveit_controller'
[1.142s] Level 1:colcon.colcon_core.package_discovery:discover_packages(recursive) using defaults
[1.142s] Level 1:colcon.colcon_core.package_discovery:discover_packages(ignore) discover
[1.142s] Level 1:colcon.colcon_core.package_discovery:discover_packages(ignore) using defaults
[1.142s] Level 1:colcon.colcon_core.package_discovery:discover_packages(path) discover
[1.142s] Level 1:colcon.colcon_core.package_discovery:discover_packages(path) using defaults
[1.242s] Level 1:colcon.colcon_core.package_discovery:discover_packages(prefix_path) check parameters
[1.242s] Level 1:colcon.colcon_core.package_discovery:discover_packages(prefix_path) discover
[1.276s] DEBUG:colcon.colcon_installed_package_information.package_discovery:Found 5 installed packages in /home/chris/ros2_ws/src/fanuc_ros2_driver
[1.299s] DEBUG:colcon.colcon_installed_package_information.package_discovery:Found 1 installed packages in /home/chris/ros2_ws/install
[1.316s] DEBUG:colcon.colcon_installed_package_information.package_discovery:Found 354 installed packages in /opt/ros/humble
[1.317s] Level 1:colcon.colcon_core.package_discovery:discover_packages(prefix_path) using defaults
[1.417s] Level 5:colcon.colcon_core.verb:set package 'moveit_controller' build argument 'cmake_args' from command line to 'None'
[1.417s] Level 5:colcon.colcon_core.verb:set package 'moveit_controller' build argument 'cmake_target' from command line to 'None'
[1.417s] Level 5:colcon.colcon_core.verb:set package 'moveit_controller' build argument 'cmake_target_skip_unavailable' from command line to 'False'
[1.417s] Level 5:colcon.colcon_core.verb:set package 'moveit_controller' build argument 'cmake_clean_cache' from command line to 'False'
[1.417s] Level 5:colcon.colcon_core.verb:set package 'moveit_controller' build argument 'cmake_clean_first' from command line to 'False'
[1.417s] Level 5:colcon.colcon_core.verb:set package 'moveit_controller' build argument 'cmake_force_configure' from command line to 'False'
[1.417s] Level 5:colcon.colcon_core.verb:set package 'moveit_controller' build argument 'ament_cmake_args' from command line to 'None'
[1.417s] Level 5:colcon.colcon_core.verb:set package 'moveit_controller' build argument 'catkin_cmake_args' from command line to 'None'
[1.417s] Level 5:colcon.colcon_core.verb:set package 'moveit_controller' build argument 'catkin_skip_building_tests' from command line to 'False'
[1.417s] DEBUG:colcon.colcon_core.verb:Building package 'moveit_controller' with the following arguments: {'ament_cmake_args': None, 'build_base': '/home/chris/ros2_ws/src/moveit_controller/build/moveit_controller', 'catkin_cmake_args': None, 'catkin_skip_building_tests': False, 'cmake_args': None, 'cmake_clean_cache': False, 'cmake_clean_first': False, 'cmake_force_configure': False, 'cmake_target': None, 'cmake_target_skip_unavailable': False, 'install_base': '/home/chris/ros2_ws/src/moveit_controller/install/moveit_controller', 'merge_install': False, 'path': '/home/chris/ros2_ws/src/moveit_controller', 'symlink_install': False, 'test_result_base': None}
[1.433s] INFO:colcon.colcon_core.executor:Executing jobs using 'parallel' executor
[1.450s] DEBUG:colcon.colcon_parallel_executor.executor.parallel:run_until_complete
[1.451s] INFO:colcon.colcon_ros.task.ament_cmake.build:Building ROS package in '/home/chris/ros2_ws/src/moveit_controller' with build type 'ament_cmake'
[1.451s] INFO:colcon.colcon_cmake.task.cmake.build:Building CMake package in '/home/chris/ros2_ws/src/moveit_controller'
[1.469s] INFO:colcon.colcon_core.plugin_system:Skipping extension 'colcon_core.shell.bat': Not used on non-Windows systems
[1.469s] INFO:colcon.colcon_core.shell:Skip shell extension 'powershell' for command environment: Not usable outside of PowerShell
[1.469s] DEBUG:colcon.colcon_core.shell:Skip shell extension 'dsv' for command environment
[1.542s] DEBUG:colcon.colcon_core.event_handler.log_command:Invoking command in '/home/chris/ros2_ws/src/moveit_controller/build/moveit_controller': CMAKE_PREFIX_PATH=${CMAKE_PREFIX_PATH}:/opt/ros/humble /usr/bin/cmake --build /home/chris/ros2_ws/src/moveit_controller/build/moveit_controller -- -j12 -l12
[2.064s] DEBUG:colcon.colcon_core.event_handler.log_command:Invoked command in '/home/chris/ros2_ws/src/moveit_controller/build/moveit_controller' returned '0': CMAKE_PREFIX_PATH=${CMAKE_PREFIX_PATH}:/opt/ros/humble /usr/bin/cmake --build /home/chris/ros2_ws/src/moveit_controller/build/moveit_controller -- -j12 -l12
[2.115s] DEBUG:colcon.colcon_core.event_handler.log_command:Invoking command in '/home/chris/ros2_ws/src/moveit_controller/build/moveit_controller': CMAKE_PREFIX_PATH=${CMAKE_PREFIX_PATH}:/opt/ros/humble /usr/bin/cmake --install /home/chris/ros2_ws/src/moveit_controller/build/moveit_controller
[2.177s] Level 1:colcon.colcon_core.environment:create_environment_scripts_only(moveit_controller)
[2.178s] DEBUG:colcon.colcon_core.event_handler.log_command:Invoked command in '/home/chris/ros2_ws/src/moveit_controller/build/moveit_controller' returned '0': CMAKE_PREFIX_PATH=${CMAKE_PREFIX_PATH}:/opt/ros/humble /usr/bin/cmake --install /home/chris/ros2_ws/src/moveit_controller/build/moveit_controller
[2.209s] Level 1:colcon.colcon_core.environment:checking '/home/chris/ros2_ws/src/moveit_controller/install/moveit_controller' for CMake module files
[2.210s] Level 1:colcon.colcon_core.environment:checking '/home/chris/ros2_ws/src/moveit_controller/install/moveit_controller' for CMake config files
[2.210s] Level 1:colcon.colcon_core.shell:create_environment_hook('moveit_controller', 'cmake_prefix_path')
[2.234s] INFO:colcon.colcon_core.shell:Creating environment hook '/home/chris/ros2_ws/src/moveit_controller/install/moveit_controller/share/moveit_controller/hook/cmake_prefix_path.ps1'
[2.235s] INFO:colcon.colcon_core.shell:Creating environment descriptor '/home/chris/ros2_ws/src/moveit_controller/install/moveit_controller/share/moveit_controller/hook/cmake_prefix_path.dsv'
[2.236s] INFO:colcon.colcon_core.shell:Creating environment hook '/home/chris/ros2_ws/src/moveit_controller/install/moveit_controller/share/moveit_controller/hook/cmake_prefix_path.sh'
[2.237s] Level 1:colcon.colcon_core.environment:checking '/home/chris/ros2_ws/src/moveit_controller/install/moveit_controller/lib'
[2.237s] Level 1:colcon.colcon_core.environment:checking '/home/chris/ros2_ws/src/moveit_controller/install/moveit_controller/bin'
[2.237s] Level 1:colcon.colcon_core.environment:checking '/home/chris/ros2_ws/src/moveit_controller/install/moveit_controller/lib/pkgconfig/moveit_controller.pc'
[2.238s] Level 1:colcon.colcon_core.environment:checking '/home/chris/ros2_ws/src/moveit_controller/install/moveit_controller/lib/python3.10/site-packages'
[2.238s] Level 1:colcon.colcon_core.environment:checking '/home/chris/ros2_ws/src/moveit_controller/install/moveit_controller/bin'
[2.264s] INFO:colcon.colcon_core.shell:Creating package script '/home/chris/ros2_ws/src/moveit_controller/install/moveit_controller/share/moveit_controller/package.ps1'
[2.265s] INFO:colcon.colcon_core.shell:Creating package descriptor '/home/chris/ros2_ws/src/moveit_controller/install/moveit_controller/share/moveit_controller/package.dsv'
[2.266s] INFO:colcon.colcon_core.shell:Creating package script '/home/chris/ros2_ws/src/moveit_controller/install/moveit_controller/share/moveit_controller/package.sh'
[2.266s] INFO:colcon.colcon_core.shell:Creating package script '/home/chris/ros2_ws/src/moveit_controller/install/moveit_controller/share/moveit_controller/package.bash'
[2.267s] INFO:colcon.colcon_core.shell:Creating package script '/home/chris/ros2_ws/src/moveit_controller/install/moveit_controller/share/moveit_controller/package.zsh'
[2.268s] Level 1:colcon.colcon_core.environment:create_file_with_runtime_dependencies(/home/chris/ros2_ws/src/moveit_controller/install/moveit_controller/share/colcon-core/packages/moveit_controller)
[2.335s] Level 1:colcon.colcon_core.environment:create_environment_scripts_only(moveit_controller)
[2.356s] Level 1:colcon.colcon_core.environment:checking '/home/chris/ros2_ws/src/moveit_controller/install/moveit_controller' for CMake module files
[2.357s] Level 1:colcon.colcon_core.environment:checking '/home/chris/ros2_ws/src/moveit_controller/install/moveit_controller' for CMake config files
[2.357s] Level 1:colcon.colcon_core.shell:create_environment_hook('moveit_controller', 'cmake_prefix_path')
[2.373s] INFO:colcon.colcon_core.shell:Creating environment hook '/home/chris/ros2_ws/src/moveit_controller/install/moveit_controller/share/moveit_controller/hook/cmake_prefix_path.ps1'
[2.373s] INFO:colcon.colcon_core.shell:Creating environment descriptor '/home/chris/ros2_ws/src/moveit_controller/install/moveit_controller/share/moveit_controller/hook/cmake_prefix_path.dsv'
[2.373s] INFO:colcon.colcon_core.shell:Creating environment hook '/home/chris/ros2_ws/src/moveit_controller/install/moveit_controller/share/moveit_controller/hook/cmake_prefix_path.sh'
[2.374s] Level 1:colcon.colcon_core.environment:checking '/home/chris/ros2_ws/src/moveit_controller/install/moveit_controller/lib'
[2.374s] Level 1:colcon.colcon_core.environment:checking '/home/chris/ros2_ws/src/moveit_controller/install/moveit_controller/bin'
[2.374s] Level 1:colcon.colcon_core.environment:checking '/home/chris/ros2_ws/src/moveit_controller/install/moveit_controller/lib/pkgconfig/moveit_controller.pc'
[2.374s] Level 1:colcon.colcon_core.environment:checking '/home/chris/ros2_ws/src/moveit_controller/install/moveit_controller/lib/python3.10/site-packages'
[2.374s] Level 1:colcon.colcon_core.environment:checking '/home/chris/ros2_ws/src/moveit_controller/install/moveit_controller/bin'
[2.392s] INFO:colcon.colcon_core.shell:Creating package script '/home/chris/ros2_ws/src/moveit_controller/install/moveit_controller/share/moveit_controller/package.ps1'
[2.393s] INFO:colcon.colcon_core.shell:Creating package descriptor '/home/chris/ros2_ws/src/moveit_controller/install/moveit_controller/share/moveit_controller/package.dsv'
[2.393s] INFO:colcon.colcon_core.shell:Creating package script '/home/chris/ros2_ws/src/moveit_controller/install/moveit_controller/share/moveit_controller/package.sh'
[2.394s] INFO:colcon.colcon_core.shell:Creating package script '/home/chris/ros2_ws/src/moveit_controller/install/moveit_controller/share/moveit_controller/package.bash'
[2.394s] INFO:colcon.colcon_core.shell:Creating package script '/home/chris/ros2_ws/src/moveit_controller/install/moveit_controller/share/moveit_controller/package.zsh'
[2.394s] Level 1:colcon.colcon_core.environment:create_file_with_runtime_dependencies(/home/chris/ros2_ws/src/moveit_controller/install/moveit_controller/share/colcon-core/packages/moveit_controller)
[2.395s] DEBUG:colcon.colcon_parallel_executor.executor.parallel:closing loop
[2.395s] DEBUG:colcon.colcon_parallel_executor.executor.parallel:loop closed
[2.395s] DEBUG:colcon.colcon_parallel_executor.executor.parallel:run_until_complete finished with '0'
[2.395s] DEBUG:colcon.colcon_core.event_reactor:joining thread
[2.420s] INFO:colcon.colcon_core.plugin_system:Skipping extension 'colcon_notification.desktop_notification.terminal_notifier': Not used on non-Darwin systems
[2.420s] INFO:colcon.colcon_core.plugin_system:Skipping extension 'colcon_notification.desktop_notification.win32': Not used on non-Windows systems
[2.420s] INFO:colcon.colcon_notification.desktop_notification:Sending desktop notification using 'notify2'
[2.430s] DEBUG:colcon.colcon_core.event_reactor:joined thread
[2.449s] INFO:colcon.colcon_core.shell:Creating prefix script '/home/chris/ros2_ws/src/moveit_controller/install/local_setup.ps1'
[2.450s] INFO:colcon.colcon_core.shell:Creating prefix util module '/home/chris/ros2_ws/src/moveit_controller/install/_local_setup_util_ps1.py'
[2.451s] INFO:colcon.colcon_core.shell:Creating prefix chain script '/home/chris/ros2_ws/src/moveit_controller/install/setup.ps1'
[2.469s] INFO:colcon.colcon_core.shell:Creating prefix script '/home/chris/ros2_ws/src/moveit_controller/install/local_setup.sh'
[2.470s] INFO:colcon.colcon_core.shell:Creating prefix util module '/home/chris/ros2_ws/src/moveit_controller/install/_local_setup_util_sh.py'
[2.471s] INFO:colcon.colcon_core.shell:Creating prefix chain script '/home/chris/ros2_ws/src/moveit_controller/install/setup.sh'
[2.490s] INFO:colcon.colcon_core.shell:Creating prefix script '/home/chris/ros2_ws/src/moveit_controller/install/local_setup.bash'
[2.490s] INFO:colcon.colcon_core.shell:Creating prefix chain script '/home/chris/ros2_ws/src/moveit_controller/install/setup.bash'
[2.509s] INFO:colcon.colcon_core.shell:Creating prefix script '/home/chris/ros2_ws/src/moveit_controller/install/local_setup.zsh'
[2.510s] INFO:colcon.colcon_core.shell:Creating prefix chain script '/home/chris/ros2_ws/src/moveit_controller/install/setup.zsh'
