[0.098s] Invoking command in '/home/chris/ros2_ws/src/moveit_controller/build/moveit_controller': CMAKE_PREFIX_PATH=${CMAKE_PREFIX_PATH}:/opt/ros/humble /usr/bin/cmake /home/chris/ros2_ws/src/moveit_controller -DCMAKE_INSTALL_PREFIX=/home/chris/ros2_ws/src/moveit_controller/install/moveit_controller
[0.156s] -- The C compiler identification is GNU 11.4.0
[0.220s] -- The CXX compiler identification is GNU 11.4.0
[0.229s] -- Detecting C compiler ABI info
[0.322s] -- Detecting C compiler ABI info - done
[0.331s] -- Check for working C compiler: /usr/bin/cc - skipped
[0.331s] -- Detecting C compile features
[0.331s] -- Detecting C compile features - done
[0.335s] -- Detecting CXX compiler ABI info
[0.416s] -- Detecting CXX compiler ABI info - done
[0.423s] -- Check for working CXX compiler: /usr/bin/c++ - skipped
[0.423s] -- Detecting CXX compile features
[0.423s] -- Detecting CXX compile features - done
[0.426s] -- Found ament_cmake: 1.3.6 (/opt/ros/humble/share/ament_cmake/cmake)
[0.599s] -- Found Python3: /usr/bin/python3.10 (found version "3.10.12") found components: Interpreter 
[0.693s] -- Found rclcpp: 16.0.7 (/opt/ros/humble/share/rclcpp/cmake)
[0.742s] -- Found rosidl_generator_c: 3.1.5 (/opt/ros/humble/share/rosidl_generator_c/cmake)
[0.748s] -- Found rosidl_adapter: 3.1.5 (/opt/ros/humble/share/rosidl_adapter/cmake)
[0.758s] -- Found rosidl_generator_cpp: 3.1.5 (/opt/ros/humble/share/rosidl_generator_cpp/cmake)
[0.775s] -- Using all available rosidl_typesupport_c: rosidl_typesupport_fastrtps_c;rosidl_typesupport_introspection_c
[0.795s] -- Using all available rosidl_typesupport_cpp: rosidl_typesupport_fastrtps_cpp;rosidl_typesupport_introspection_cpp
[0.870s] -- Found rmw_implementation_cmake: 6.1.1 (/opt/ros/humble/share/rmw_implementation_cmake/cmake)
[0.873s] -- Found rmw_fastrtps_cpp: 6.2.5 (/opt/ros/humble/share/rmw_fastrtps_cpp/cmake)
[0.973s] -- Found OpenSSL: /usr/lib/x86_64-linux-gnu/libcrypto.so (found version "3.0.2")  
[1.001s] -- Found FastRTPS: /opt/ros/humble/include  
[1.049s] -- Using RMW implementation 'rmw_fastrtps_cpp' as default
[1.060s] -- Looking for pthread.h
[1.134s] -- Looking for pthread.h - found
[1.135s] -- Performing Test CMAKE_HAVE_LIBC_PTHREAD
[1.210s] -- Performing Test CMAKE_HAVE_LIBC_PTHREAD - Success
[1.211s] -- Found Threads: TRUE  
[1.374s] -- Found rclpy: 3.3.11 (/opt/ros/humble/share/rclpy/cmake)
[1.524s] -- Configuring done
[1.534s] -- Generating done
[1.536s] -- Build files have been written to: /home/chris/ros2_ws/src/moveit_controller/build/moveit_controller
[1.548s] Invoked command in '/home/chris/ros2_ws/src/moveit_controller/build/moveit_controller' returned '0': CMAKE_PREFIX_PATH=${CMAKE_PREFIX_PATH}:/opt/ros/humble /usr/bin/cmake /home/chris/ros2_ws/src/moveit_controller -DCMAKE_INSTALL_PREFIX=/home/chris/ros2_ws/src/moveit_controller/install/moveit_controller
[1.551s] Invoking command in '/home/chris/ros2_ws/src/moveit_controller/build/moveit_controller': CMAKE_PREFIX_PATH=${CMAKE_PREFIX_PATH}:/opt/ros/humble /usr/bin/cmake --build /home/chris/ros2_ws/src/moveit_controller/build/moveit_controller -- -j12 -l12
[1.603s] [ 50%] [32mBuilding CXX object CMakeFiles/ethernetip_utils.dir/src/ethernetip_utils.cpp.o[0m
[1.613s] [ 50%] Built target ament_cmake_python_copy_moveit_controller_setup
[1.613s] [ 50%] Built target ament_cmake_python_copy_moveit_controller
[1.708s] [01m[K/home/chris/ros2_ws/src/moveit_controller/src/ethernetip_utils.cpp:22:[m[K [01;35m[Kwarning: [m[K"INPUT_ASSEMBLY_SIZE" redefined
[1.708s]    22 | #define INPUT_ASSEMBLY_SIZE    16
[1.708s]       | 
[1.708s] In file included from [01m[K/home/chris/ros2_ws/src/moveit_controller/src/ethernetip_utils.cpp:5[m[K:
[1.708s] [01m[K/home/chris/ros2_ws/src/moveit_controller/include/OpENerInterface.hpp:21:[m[K [01;36m[Knote: [m[Kthis is the location of the previous definition
[1.708s]    21 | #define INPUT_ASSEMBLY_SIZE    32
[1.708s]       | 
[1.708s] [01m[K/home/chris/ros2_ws/src/moveit_controller/src/ethernetip_utils.cpp:23:[m[K [01;35m[Kwarning: [m[K"OUTPUT_ASSEMBLY_SIZE" redefined
[1.709s]    23 | #define OUTPUT_ASSEMBLY_SIZE   16
[1.709s]       | 
[1.709s] In file included from [01m[K/home/chris/ros2_ws/src/moveit_controller/src/ethernetip_utils.cpp:5[m[K:
[1.709s] [01m[K/home/chris/ros2_ws/src/moveit_controller/include/OpENerInterface.hpp:22:[m[K [01;36m[Knote: [m[Kthis is the location of the previous definition
[1.709s]    22 | #define OUTPUT_ASSEMBLY_SIZE   32
[1.709s]       | 
[1.903s] running egg_info
[1.903s] creating moveit_controller.egg-info
[1.904s] writing moveit_controller.egg-info/PKG-INFO
[1.904s] writing dependency_links to moveit_controller.egg-info/dependency_links.txt
[1.904s] writing top-level names to moveit_controller.egg-info/top_level.txt
[1.904s] writing manifest file 'moveit_controller.egg-info/SOURCES.txt'
[1.906s] reading manifest file 'moveit_controller.egg-info/SOURCES.txt'
[1.907s] writing manifest file 'moveit_controller.egg-info/SOURCES.txt'
[1.929s] [100%] [32m[1mLinking CXX executable ethernetip_utils[0m
[1.942s] [100%] Built target ament_cmake_python_build_moveit_controller_egg
[2.045s] [100%] Built target ethernetip_utils
[2.059s] Invoked command in '/home/chris/ros2_ws/src/moveit_controller/build/moveit_controller' returned '0': CMAKE_PREFIX_PATH=${CMAKE_PREFIX_PATH}:/opt/ros/humble /usr/bin/cmake --build /home/chris/ros2_ws/src/moveit_controller/build/moveit_controller -- -j12 -l12
[2.096s] Invoking command in '/home/chris/ros2_ws/src/moveit_controller/build/moveit_controller': CMAKE_PREFIX_PATH=${CMAKE_PREFIX_PATH}:/opt/ros/humble /usr/bin/cmake --install /home/chris/ros2_ws/src/moveit_controller/build/moveit_controller
[2.105s] -- Install configuration: ""
[2.105s] -- Installing: /home/chris/ros2_ws/src/moveit_controller/install/moveit_controller/lib/moveit_controller/ethernetip_utils
[2.105s] -- Set runtime path of "/home/chris/ros2_ws/src/moveit_controller/install/moveit_controller/lib/moveit_controller/ethernetip_utils" to ""
[2.106s] -- Installing: /home/chris/ros2_ws/src/moveit_controller/install/moveit_controller/lib/moveit_controller/controller
[2.106s] -- Installing: /home/chris/ros2_ws/src/moveit_controller/install/moveit_controller/share/moveit_controller/environment/pythonpath.sh
[2.106s] -- Installing: /home/chris/ros2_ws/src/moveit_controller/install/moveit_controller/share/moveit_controller/environment/pythonpath.dsv
[2.106s] -- Installing: /home/chris/ros2_ws/src/moveit_controller/install/moveit_controller/local/lib/python3.10/dist-packages/moveit_controller-0.0.0-py3.10.egg-info
[2.106s] -- Installing: /home/chris/ros2_ws/src/moveit_controller/install/moveit_controller/local/lib/python3.10/dist-packages/moveit_controller-0.0.0-py3.10.egg-info/dependency_links.txt
[2.106s] -- Installing: /home/chris/ros2_ws/src/moveit_controller/install/moveit_controller/local/lib/python3.10/dist-packages/moveit_controller-0.0.0-py3.10.egg-info/top_level.txt
[2.106s] -- Installing: /home/chris/ros2_ws/src/moveit_controller/install/moveit_controller/local/lib/python3.10/dist-packages/moveit_controller-0.0.0-py3.10.egg-info/SOURCES.txt
[2.107s] -- Installing: /home/chris/ros2_ws/src/moveit_controller/install/moveit_controller/local/lib/python3.10/dist-packages/moveit_controller-0.0.0-py3.10.egg-info/PKG-INFO
[2.107s] -- Installing: /home/chris/ros2_ws/src/moveit_controller/install/moveit_controller/local/lib/python3.10/dist-packages/moveit_controller
[2.107s] -- Installing: /home/chris/ros2_ws/src/moveit_controller/install/moveit_controller/local/lib/python3.10/dist-packages/moveit_controller/goal_builder.py
[2.107s] -- Installing: /home/chris/ros2_ws/src/moveit_controller/install/moveit_controller/local/lib/python3.10/dist-packages/moveit_controller/error_codes.py
[2.107s] -- Installing: /home/chris/ros2_ws/src/moveit_controller/install/moveit_controller/local/lib/python3.10/dist-packages/moveit_controller/socket_utils.py
[2.107s] -- Installing: /home/chris/ros2_ws/src/moveit_controller/install/moveit_controller/local/lib/python3.10/dist-packages/moveit_controller/controller.py
[2.107s] -- Installing: /home/chris/ros2_ws/src/moveit_controller/install/moveit_controller/local/lib/python3.10/dist-packages/moveit_controller/__init__.py
[2.141s] Listing '/home/chris/ros2_ws/src/moveit_controller/install/moveit_controller/local/lib/python3.10/dist-packages/moveit_controller'...
[2.141s] Compiling '/home/chris/ros2_ws/src/moveit_controller/install/moveit_controller/local/lib/python3.10/dist-packages/moveit_controller/__init__.py'...
[2.141s] Compiling '/home/chris/ros2_ws/src/moveit_controller/install/moveit_controller/local/lib/python3.10/dist-packages/moveit_controller/controller.py'...
[2.141s] Compiling '/home/chris/ros2_ws/src/moveit_controller/install/moveit_controller/local/lib/python3.10/dist-packages/moveit_controller/error_codes.py'...
[2.141s] Compiling '/home/chris/ros2_ws/src/moveit_controller/install/moveit_controller/local/lib/python3.10/dist-packages/moveit_controller/goal_builder.py'...
[2.141s] Compiling '/home/chris/ros2_ws/src/moveit_controller/install/moveit_controller/local/lib/python3.10/dist-packages/moveit_controller/socket_utils.py'...
[2.146s] -- Installing: /home/chris/ros2_ws/src/moveit_controller/install/moveit_controller/share/moveit_controller/launch
[2.146s] -- Installing: /home/chris/ros2_ws/src/moveit_controller/install/moveit_controller/share/moveit_controller/launch/global_start.launch.py
[2.146s] -- Installing: /home/chris/ros2_ws/src/moveit_controller/install/moveit_controller/share/moveit_controller/launch/ethernet_start.launch.py
[2.146s] -- Installing: /home/chris/ros2_ws/src/moveit_controller/install/moveit_controller/share/moveit_controller/launch/fanuc_nodes.launch.py
[2.146s] -- Installing: /home/chris/ros2_ws/src/moveit_controller/install/moveit_controller/share/ament_index/resource_index/package_run_dependencies/moveit_controller
[2.147s] -- Installing: /home/chris/ros2_ws/src/moveit_controller/install/moveit_controller/share/ament_index/resource_index/parent_prefix_path/moveit_controller
[2.147s] -- Installing: /home/chris/ros2_ws/src/moveit_controller/install/moveit_controller/share/moveit_controller/environment/ament_prefix_path.sh
[2.147s] -- Installing: /home/chris/ros2_ws/src/moveit_controller/install/moveit_controller/share/moveit_controller/environment/ament_prefix_path.dsv
[2.147s] -- Installing: /home/chris/ros2_ws/src/moveit_controller/install/moveit_controller/share/moveit_controller/environment/path.sh
[2.147s] -- Installing: /home/chris/ros2_ws/src/moveit_controller/install/moveit_controller/share/moveit_controller/environment/path.dsv
[2.147s] -- Installing: /home/chris/ros2_ws/src/moveit_controller/install/moveit_controller/share/moveit_controller/local_setup.bash
[2.147s] -- Installing: /home/chris/ros2_ws/src/moveit_controller/install/moveit_controller/share/moveit_controller/local_setup.sh
[2.148s] -- Installing: /home/chris/ros2_ws/src/moveit_controller/install/moveit_controller/share/moveit_controller/local_setup.zsh
[2.148s] -- Installing: /home/chris/ros2_ws/src/moveit_controller/install/moveit_controller/share/moveit_controller/local_setup.dsv
[2.148s] -- Installing: /home/chris/ros2_ws/src/moveit_controller/install/moveit_controller/share/moveit_controller/package.dsv
[2.148s] -- Installing: /home/chris/ros2_ws/src/moveit_controller/install/moveit_controller/share/ament_index/resource_index/packages/moveit_controller
[2.148s] -- Installing: /home/chris/ros2_ws/src/moveit_controller/install/moveit_controller/share/moveit_controller/cmake/moveit_controllerConfig.cmake
[2.148s] -- Installing: /home/chris/ros2_ws/src/moveit_controller/install/moveit_controller/share/moveit_controller/cmake/moveit_controllerConfig-version.cmake
[2.148s] -- Installing: /home/chris/ros2_ws/src/moveit_controller/install/moveit_controller/share/moveit_controller/package.xml
[2.151s] Invoked command in '/home/chris/ros2_ws/src/moveit_controller/build/moveit_controller' returned '0': CMAKE_PREFIX_PATH=${CMAKE_PREFIX_PATH}:/opt/ros/humble /usr/bin/cmake --install /home/chris/ros2_ws/src/moveit_controller/build/moveit_controller
