[1.231s] DEBUG:colcon:Command line arguments: ['/usr/bin/colcon', 'build', '--packages-select', 'moveit_controller']
[1.231s] DEBUG:colcon:Parsed command line arguments: Namespace(log_base=None, log_level=None, verb_name='build', build_base='build', install_base='install', merge_install=False, symlink_install=False, test_result_base=None, continue_on_error=False, executor='parallel', parallel_workers=12, event_handlers=None, ignore_user_meta=False, metas=['./colcon.meta'], base_paths=['.'], packages_ignore=None, packages_ignore_regex=None, paths=None, packages_up_to=None, packages_up_to_regex=None, packages_above=None, packages_above_and_dependencies=None, packages_above_depth=None, packages_select_by_dep=None, packages_skip_by_dep=None, packages_skip_up_to=None, packages_select_build_failed=False, packages_skip_build_finished=False, packages_select_test_failures=False, packages_skip_test_passed=False, packages_select=['moveit_controller'], packages_skip=None, packages_select_regex=None, packages_skip_regex=None, packages_start=None, packages_end=None, allow_overriding=[], cmake_args=None, cmake_target=None, cmake_target_skip_unavailable=False, cmake_clean_cache=False, cmake_clean_first=False, cmake_force_configure=False, ament_cmake_args=None, catkin_cmake_args=None, catkin_skip_building_tests=False, verb_parser=<colcon_defaults.argument_parser.defaults.DefaultArgumentsDecorator object at 0x79dff0d9d840>, verb_extension=<colcon_core.verb.build.BuildVerb object at 0x79dff0d9dc60>, main=<bound method BuildVerb.main of <colcon_core.verb.build.BuildVerb object at 0x79dff0d9dc60>>)
[1.281s] Level 1:colcon.colcon_core.package_discovery:discover_packages(colcon_meta) check parameters
[1.281s] Level 1:colcon.colcon_core.package_discovery:discover_packages(recursive) check parameters
[1.281s] Level 1:colcon.colcon_core.package_discovery:discover_packages(ignore) check parameters
[1.281s] Level 1:colcon.colcon_core.package_discovery:discover_packages(path) check parameters
[1.282s] Level 1:colcon.colcon_core.package_discovery:discover_packages(colcon_meta) discover
[1.282s] Level 1:colcon.colcon_core.package_discovery:discover_packages(recursive) discover
[1.282s] INFO:colcon.colcon_core.package_discovery:Crawling recursively for packages in '/home/chris/ros2_ws/src/moveit_controller'
[1.282s] Level 1:colcon.colcon_core.package_identification:_identify(.) by extensions ['ignore', 'ignore_ament_install']
[1.282s] Level 1:colcon.colcon_core.package_identification:_identify(.) by extension 'ignore'
[1.282s] Level 1:colcon.colcon_core.package_identification:_identify(.) by extension 'ignore_ament_install'
[1.282s] Level 1:colcon.colcon_core.package_identification:_identify(.) by extensions ['colcon_pkg']
[1.282s] Level 1:colcon.colcon_core.package_identification:_identify(.) by extension 'colcon_pkg'
[1.282s] Level 1:colcon.colcon_core.package_identification:_identify(.) by extensions ['colcon_meta']
[1.282s] Level 1:colcon.colcon_core.package_identification:_identify(.) by extension 'colcon_meta'
[1.282s] Level 1:colcon.colcon_core.package_identification:_identify(.) by extensions ['ros']
[1.282s] Level 1:colcon.colcon_core.package_identification:_identify(.) by extension 'ros'
[1.296s] DEBUG:colcon.colcon_core.package_identification:Package '.' with type 'ros.ament_cmake' and name 'moveit_controller'
[1.296s] Level 1:colcon.colcon_core.package_discovery:discover_packages(recursive) using defaults
[1.296s] Level 1:colcon.colcon_core.package_discovery:discover_packages(ignore) discover
[1.296s] Level 1:colcon.colcon_core.package_discovery:discover_packages(ignore) using defaults
[1.296s] Level 1:colcon.colcon_core.package_discovery:discover_packages(path) discover
[1.296s] Level 1:colcon.colcon_core.package_discovery:discover_packages(path) using defaults
[1.402s] Level 1:colcon.colcon_core.package_discovery:discover_packages(prefix_path) check parameters
[1.402s] Level 1:colcon.colcon_core.package_discovery:discover_packages(prefix_path) discover
[1.439s] DEBUG:colcon.colcon_installed_package_information.package_discovery:Found 11 installed packages in /home/chris/ros2_ws/install
[1.474s] DEBUG:colcon.colcon_installed_package_information.package_discovery:Found 376 installed packages in /opt/ros/humble
[1.476s] Level 1:colcon.colcon_core.package_discovery:discover_packages(prefix_path) using defaults
[1.588s] Level 5:colcon.colcon_core.verb:set package 'moveit_controller' build argument 'cmake_args' from command line to 'None'
[1.588s] Level 5:colcon.colcon_core.verb:set package 'moveit_controller' build argument 'cmake_target' from command line to 'None'
[1.588s] Level 5:colcon.colcon_core.verb:set package 'moveit_controller' build argument 'cmake_target_skip_unavailable' from command line to 'False'
[1.588s] Level 5:colcon.colcon_core.verb:set package 'moveit_controller' build argument 'cmake_clean_cache' from command line to 'False'
[1.588s] Level 5:colcon.colcon_core.verb:set package 'moveit_controller' build argument 'cmake_clean_first' from command line to 'False'
[1.588s] Level 5:colcon.colcon_core.verb:set package 'moveit_controller' build argument 'cmake_force_configure' from command line to 'False'
[1.588s] Level 5:colcon.colcon_core.verb:set package 'moveit_controller' build argument 'ament_cmake_args' from command line to 'None'
[1.588s] Level 5:colcon.colcon_core.verb:set package 'moveit_controller' build argument 'catkin_cmake_args' from command line to 'None'
[1.588s] Level 5:colcon.colcon_core.verb:set package 'moveit_controller' build argument 'catkin_skip_building_tests' from command line to 'False'
[1.588s] DEBUG:colcon.colcon_core.verb:Building package 'moveit_controller' with the following arguments: {'ament_cmake_args': None, 'build_base': '/home/chris/ros2_ws/src/moveit_controller/build/moveit_controller', 'catkin_cmake_args': None, 'catkin_skip_building_tests': False, 'cmake_args': None, 'cmake_clean_cache': False, 'cmake_clean_first': False, 'cmake_force_configure': False, 'cmake_target': None, 'cmake_target_skip_unavailable': False, 'install_base': '/home/chris/ros2_ws/src/moveit_controller/install/moveit_controller', 'merge_install': False, 'path': '/home/chris/ros2_ws/src/moveit_controller', 'symlink_install': False, 'test_result_base': None}
[1.608s] INFO:colcon.colcon_core.executor:Executing jobs using 'parallel' executor
[1.627s] DEBUG:colcon.colcon_parallel_executor.executor.parallel:run_until_complete
[1.627s] INFO:colcon.colcon_ros.task.ament_cmake.build:Building ROS package in '/home/chris/ros2_ws/src/moveit_controller' with build type 'ament_cmake'
[1.627s] INFO:colcon.colcon_cmake.task.cmake.build:Building CMake package in '/home/chris/ros2_ws/src/moveit_controller'
[1.647s] INFO:colcon.colcon_core.plugin_system:Skipping extension 'colcon_core.shell.bat': Not used on non-Windows systems
[1.647s] INFO:colcon.colcon_core.shell:Skip shell extension 'powershell' for command environment: Not usable outside of PowerShell
[1.647s] DEBUG:colcon.colcon_core.shell:Skip shell extension 'dsv' for command environment
[1.711s] DEBUG:colcon.colcon_core.event_handler.log_command:Invoking command in '/home/chris/ros2_ws/src/moveit_controller/build/moveit_controller': CMAKE_PREFIX_PATH=${CMAKE_PREFIX_PATH}:/opt/ros/humble /usr/bin/cmake --build /home/chris/ros2_ws/src/moveit_controller/build/moveit_controller -- -j12 -l12
[2.837s] DEBUG:colcon.colcon_core.event_handler.log_command:Invoked command in '/home/chris/ros2_ws/src/moveit_controller/build/moveit_controller' returned '0': CMAKE_PREFIX_PATH=${CMAKE_PREFIX_PATH}:/opt/ros/humble /usr/bin/cmake --build /home/chris/ros2_ws/src/moveit_controller/build/moveit_controller -- -j12 -l12
[2.876s] DEBUG:colcon.colcon_core.event_handler.log_command:Invoking command in '/home/chris/ros2_ws/src/moveit_controller/build/moveit_controller': CMAKE_PREFIX_PATH=${CMAKE_PREFIX_PATH}:/opt/ros/humble /usr/bin/cmake --install /home/chris/ros2_ws/src/moveit_controller/build/moveit_controller
[2.926s] Level 1:colcon.colcon_core.environment:create_environment_scripts_only(moveit_controller)
[2.927s] DEBUG:colcon.colcon_core.event_handler.log_command:Invoked command in '/home/chris/ros2_ws/src/moveit_controller/build/moveit_controller' returned '0': CMAKE_PREFIX_PATH=${CMAKE_PREFIX_PATH}:/opt/ros/humble /usr/bin/cmake --install /home/chris/ros2_ws/src/moveit_controller/build/moveit_controller
[2.947s] Level 1:colcon.colcon_core.environment:checking '/home/chris/ros2_ws/src/moveit_controller/install/moveit_controller' for CMake module files
[2.948s] Level 1:colcon.colcon_core.environment:checking '/home/chris/ros2_ws/src/moveit_controller/install/moveit_controller' for CMake config files
[2.948s] Level 1:colcon.colcon_core.shell:create_environment_hook('moveit_controller', 'cmake_prefix_path')
[2.965s] INFO:colcon.colcon_core.shell:Creating environment hook '/home/chris/ros2_ws/src/moveit_controller/install/moveit_controller/share/moveit_controller/hook/cmake_prefix_path.ps1'
[2.966s] INFO:colcon.colcon_core.shell:Creating environment descriptor '/home/chris/ros2_ws/src/moveit_controller/install/moveit_controller/share/moveit_controller/hook/cmake_prefix_path.dsv'
[2.966s] INFO:colcon.colcon_core.shell:Creating environment hook '/home/chris/ros2_ws/src/moveit_controller/install/moveit_controller/share/moveit_controller/hook/cmake_prefix_path.sh'
[2.967s] Level 1:colcon.colcon_core.environment:checking '/home/chris/ros2_ws/src/moveit_controller/install/moveit_controller/lib'
[2.968s] Level 1:colcon.colcon_core.environment:checking '/home/chris/ros2_ws/src/moveit_controller/install/moveit_controller/bin'
[2.968s] Level 1:colcon.colcon_core.environment:checking '/home/chris/ros2_ws/src/moveit_controller/install/moveit_controller/lib/pkgconfig/moveit_controller.pc'
[2.968s] Level 1:colcon.colcon_core.environment:checking '/home/chris/ros2_ws/src/moveit_controller/install/moveit_controller/lib/python3.10/site-packages'
[2.968s] Level 1:colcon.colcon_core.environment:checking '/home/chris/ros2_ws/src/moveit_controller/install/moveit_controller/bin'
[2.986s] INFO:colcon.colcon_core.shell:Creating package script '/home/chris/ros2_ws/src/moveit_controller/install/moveit_controller/share/moveit_controller/package.ps1'
[2.987s] INFO:colcon.colcon_core.shell:Creating package descriptor '/home/chris/ros2_ws/src/moveit_controller/install/moveit_controller/share/moveit_controller/package.dsv'
[2.988s] INFO:colcon.colcon_core.shell:Creating package script '/home/chris/ros2_ws/src/moveit_controller/install/moveit_controller/share/moveit_controller/package.sh'
[2.988s] INFO:colcon.colcon_core.shell:Creating package script '/home/chris/ros2_ws/src/moveit_controller/install/moveit_controller/share/moveit_controller/package.bash'
[2.989s] INFO:colcon.colcon_core.shell:Creating package script '/home/chris/ros2_ws/src/moveit_controller/install/moveit_controller/share/moveit_controller/package.zsh'
[2.989s] Level 1:colcon.colcon_core.environment:create_file_with_runtime_dependencies(/home/chris/ros2_ws/src/moveit_controller/install/moveit_controller/share/colcon-core/packages/moveit_controller)
[3.036s] Level 1:colcon.colcon_core.environment:create_environment_scripts_only(moveit_controller)
[3.053s] Level 1:colcon.colcon_core.environment:checking '/home/chris/ros2_ws/src/moveit_controller/install/moveit_controller' for CMake module files
[3.053s] Level 1:colcon.colcon_core.environment:checking '/home/chris/ros2_ws/src/moveit_controller/install/moveit_controller' for CMake config files
[3.053s] Level 1:colcon.colcon_core.shell:create_environment_hook('moveit_controller', 'cmake_prefix_path')
[3.072s] INFO:colcon.colcon_core.shell:Creating environment hook '/home/chris/ros2_ws/src/moveit_controller/install/moveit_controller/share/moveit_controller/hook/cmake_prefix_path.ps1'
[3.072s] INFO:colcon.colcon_core.shell:Creating environment descriptor '/home/chris/ros2_ws/src/moveit_controller/install/moveit_controller/share/moveit_controller/hook/cmake_prefix_path.dsv'
[3.072s] INFO:colcon.colcon_core.shell:Creating environment hook '/home/chris/ros2_ws/src/moveit_controller/install/moveit_controller/share/moveit_controller/hook/cmake_prefix_path.sh'
[3.073s] Level 1:colcon.colcon_core.environment:checking '/home/chris/ros2_ws/src/moveit_controller/install/moveit_controller/lib'
[3.073s] Level 1:colcon.colcon_core.environment:checking '/home/chris/ros2_ws/src/moveit_controller/install/moveit_controller/bin'
[3.073s] Level 1:colcon.colcon_core.environment:checking '/home/chris/ros2_ws/src/moveit_controller/install/moveit_controller/lib/pkgconfig/moveit_controller.pc'
[3.073s] Level 1:colcon.colcon_core.environment:checking '/home/chris/ros2_ws/src/moveit_controller/install/moveit_controller/lib/python3.10/site-packages'
[3.073s] Level 1:colcon.colcon_core.environment:checking '/home/chris/ros2_ws/src/moveit_controller/install/moveit_controller/bin'
[3.091s] INFO:colcon.colcon_core.shell:Creating package script '/home/chris/ros2_ws/src/moveit_controller/install/moveit_controller/share/moveit_controller/package.ps1'
[3.091s] INFO:colcon.colcon_core.shell:Creating package descriptor '/home/chris/ros2_ws/src/moveit_controller/install/moveit_controller/share/moveit_controller/package.dsv'
[3.092s] INFO:colcon.colcon_core.shell:Creating package script '/home/chris/ros2_ws/src/moveit_controller/install/moveit_controller/share/moveit_controller/package.sh'
[3.092s] INFO:colcon.colcon_core.shell:Creating package script '/home/chris/ros2_ws/src/moveit_controller/install/moveit_controller/share/moveit_controller/package.bash'
[3.092s] INFO:colcon.colcon_core.shell:Creating package script '/home/chris/ros2_ws/src/moveit_controller/install/moveit_controller/share/moveit_controller/package.zsh'
[3.093s] Level 1:colcon.colcon_core.environment:create_file_with_runtime_dependencies(/home/chris/ros2_ws/src/moveit_controller/install/moveit_controller/share/colcon-core/packages/moveit_controller)
[3.093s] DEBUG:colcon.colcon_parallel_executor.executor.parallel:closing loop
[3.093s] DEBUG:colcon.colcon_parallel_executor.executor.parallel:loop closed
[3.093s] DEBUG:colcon.colcon_parallel_executor.executor.parallel:run_until_complete finished with '0'
[3.093s] DEBUG:colcon.colcon_core.event_reactor:joining thread
[3.121s] INFO:colcon.colcon_core.plugin_system:Skipping extension 'colcon_notification.desktop_notification.terminal_notifier': Not used on non-Darwin systems
[3.121s] INFO:colcon.colcon_core.plugin_system:Skipping extension 'colcon_notification.desktop_notification.win32': Not used on non-Windows systems
[3.122s] INFO:colcon.colcon_notification.desktop_notification:Sending desktop notification using 'notify2'
[3.140s] DEBUG:colcon.colcon_core.event_reactor:joined thread
[3.161s] INFO:colcon.colcon_core.shell:Creating prefix script '/home/chris/ros2_ws/src/moveit_controller/install/local_setup.ps1'
[3.162s] INFO:colcon.colcon_core.shell:Creating prefix util module '/home/chris/ros2_ws/src/moveit_controller/install/_local_setup_util_ps1.py'
[3.163s] INFO:colcon.colcon_core.shell:Creating prefix chain script '/home/chris/ros2_ws/src/moveit_controller/install/setup.ps1'
[3.186s] INFO:colcon.colcon_core.shell:Creating prefix script '/home/chris/ros2_ws/src/moveit_controller/install/local_setup.sh'
[3.186s] INFO:colcon.colcon_core.shell:Creating prefix util module '/home/chris/ros2_ws/src/moveit_controller/install/_local_setup_util_sh.py'
[3.187s] INFO:colcon.colcon_core.shell:Creating prefix chain script '/home/chris/ros2_ws/src/moveit_controller/install/setup.sh'
[3.206s] INFO:colcon.colcon_core.shell:Creating prefix script '/home/chris/ros2_ws/src/moveit_controller/install/local_setup.bash'
[3.206s] INFO:colcon.colcon_core.shell:Creating prefix chain script '/home/chris/ros2_ws/src/moveit_controller/install/setup.bash'
[3.226s] INFO:colcon.colcon_core.shell:Creating prefix script '/home/chris/ros2_ws/src/moveit_controller/install/local_setup.zsh'
[3.226s] INFO:colcon.colcon_core.shell:Creating prefix chain script '/home/chris/ros2_ws/src/moveit_controller/install/setup.zsh'
