[0.138s] Invoking command in '/home/chris/ros2_ws/src/moveit_controller/build/moveit_controller': CMAKE_PREFIX_PATH=${CMAKE_PREFIX_PATH}:/opt/ros/humble /usr/bin/cmake /home/chris/ros2_ws/src/moveit_controller -DCMAKE_INSTALL_PREFIX=/home/chris/ros2_ws/src/moveit_controller/install/moveit_controller
[0.405s] -- The C compiler identification is GNU 11.4.0
[0.625s] -- The CXX compiler identification is GNU 11.4.0
[0.641s] -- Detecting C compiler ABI info
[0.741s] -- Detecting C compiler ABI info - done
[0.752s] -- Check for working C compiler: /usr/bin/cc - skipped
[0.752s] -- Detecting C compile features
[0.753s] -- Detecting C compile features - done
[0.759s] -- Detecting CXX compiler ABI info
[0.865s] -- Detecting CXX compiler ABI info - done
[0.876s] -- Check for working CXX compiler: /usr/bin/c++ - skipped
[0.876s] -- Detecting CXX compile features
[0.877s] -- Detecting CXX compile features - done
[0.887s] -- Found ament_cmake: 1.3.6 (/opt/ros/humble/share/ament_cmake/cmake)
[1.138s] -- Found Python3: /usr/bin/python3.10 (found version "3.10.12") found components: Interpreter 
[1.301s] -- Found rclcpp: 16.0.7 (/opt/ros/humble/share/rclcpp/cmake)
[1.407s] -- Found rosidl_generator_c: 3.1.5 (/opt/ros/humble/share/rosidl_generator_c/cmake)
[1.420s] -- Found rosidl_adapter: 3.1.5 (/opt/ros/humble/share/rosidl_adapter/cmake)
[1.441s] -- Found rosidl_generator_cpp: 3.1.5 (/opt/ros/humble/share/rosidl_generator_cpp/cmake)
[1.474s] -- Using all available rosidl_typesupport_c: rosidl_typesupport_fastrtps_c;rosidl_typesupport_introspection_c
[1.515s] -- Using all available rosidl_typesupport_cpp: rosidl_typesupport_fastrtps_cpp;rosidl_typesupport_introspection_cpp
[1.659s] -- Found rmw_implementation_cmake: 6.1.1 (/opt/ros/humble/share/rmw_implementation_cmake/cmake)
[1.666s] -- Found rmw_fastrtps_cpp: 6.2.5 (/opt/ros/humble/share/rmw_fastrtps_cpp/cmake)
[1.832s] -- Found OpenSSL: /usr/lib/x86_64-linux-gnu/libcrypto.so (found version "3.0.2")  
[1.871s] -- Found FastRTPS: /opt/ros/humble/include  
[1.940s] -- Using RMW implementation 'rmw_fastrtps_cpp' as default
[1.964s] -- Looking for pthread.h
[2.100s] -- Looking for pthread.h - found
[2.100s] -- Performing Test CMAKE_HAVE_LIBC_PTHREAD
[2.198s] -- Performing Test CMAKE_HAVE_LIBC_PTHREAD - Success
[2.199s] -- Found Threads: TRUE  
[2.468s] -- Found rclpy: 3.3.11 (/opt/ros/humble/share/rclpy/cmake)
[2.675s] -- Configuring done
[2.689s] -- Generating done
[2.691s] -- Build files have been written to: /home/chris/ros2_ws/src/moveit_controller/build/moveit_controller
[2.703s] Invoked command in '/home/chris/ros2_ws/src/moveit_controller/build/moveit_controller' returned '0': CMAKE_PREFIX_PATH=${CMAKE_PREFIX_PATH}:/opt/ros/humble /usr/bin/cmake /home/chris/ros2_ws/src/moveit_controller -DCMAKE_INSTALL_PREFIX=/home/chris/ros2_ws/src/moveit_controller/install/moveit_controller
[2.705s] Invoking command in '/home/chris/ros2_ws/src/moveit_controller/build/moveit_controller': CMAKE_PREFIX_PATH=${CMAKE_PREFIX_PATH}:/opt/ros/humble /usr/bin/cmake --build /home/chris/ros2_ws/src/moveit_controller/build/moveit_controller -- -j12 -l12
[2.769s] [ 50%] [32mBuilding CXX object CMakeFiles/ethernetip_utils.dir/src/ethernetip_utils.cpp.o[0m
[2.781s] [ 50%] Built target ament_cmake_python_copy_moveit_controller_setup
[2.781s] [ 50%] Built target ament_cmake_python_copy_moveit_controller
[2.997s] [01m[K/home/chris/ros2_ws/src/moveit_controller/src/ethernetip_utils.cpp:22:[m[K [01;35m[Kwarning: [m[K"INPUT_ASSEMBLY_SIZE" redefined
[2.997s]    22 | #define INPUT_ASSEMBLY_SIZE    16
[2.997s]       | 
[2.998s] In file included from [01m[K/home/chris/ros2_ws/src/moveit_controller/src/ethernetip_utils.cpp:5[m[K:
[2.998s] [01m[K/home/chris/ros2_ws/src/moveit_controller/include/OpENerInterface.hpp:21:[m[K [01;36m[Knote: [m[Kthis is the location of the previous definition
[2.998s]    21 | #define INPUT_ASSEMBLY_SIZE    32
[2.998s]       | 
[2.998s] [01m[K/home/chris/ros2_ws/src/moveit_controller/src/ethernetip_utils.cpp:23:[m[K [01;35m[Kwarning: [m[K"OUTPUT_ASSEMBLY_SIZE" redefined
[2.998s]    23 | #define OUTPUT_ASSEMBLY_SIZE   16
[2.998s]       | 
[2.998s] In file included from [01m[K/home/chris/ros2_ws/src/moveit_controller/src/ethernetip_utils.cpp:5[m[K:
[2.998s] [01m[K/home/chris/ros2_ws/src/moveit_controller/include/OpENerInterface.hpp:22:[m[K [01;36m[Knote: [m[Kthis is the location of the previous definition
[2.998s]    22 | #define OUTPUT_ASSEMBLY_SIZE   32
[2.998s]       | 
[3.192s] running egg_info
[3.192s] creating moveit_controller.egg-info
[3.193s] writing moveit_controller.egg-info/PKG-INFO
[3.193s] writing dependency_links to moveit_controller.egg-info/dependency_links.txt
[3.193s] writing top-level names to moveit_controller.egg-info/top_level.txt
[3.193s] writing manifest file 'moveit_controller.egg-info/SOURCES.txt'
[3.196s] reading manifest file 'moveit_controller.egg-info/SOURCES.txt'
[3.196s] writing manifest file 'moveit_controller.egg-info/SOURCES.txt'
[3.227s] [ 50%] Built target ament_cmake_python_build_moveit_controller_egg
[3.348s] [100%] [32m[1mLinking CXX executable ethernetip_utils[0m
[3.530s] [100%] Built target ethernetip_utils
[3.545s] Invoked command in '/home/chris/ros2_ws/src/moveit_controller/build/moveit_controller' returned '0': CMAKE_PREFIX_PATH=${CMAKE_PREFIX_PATH}:/opt/ros/humble /usr/bin/cmake --build /home/chris/ros2_ws/src/moveit_controller/build/moveit_controller -- -j12 -l12
[3.594s] Invoking command in '/home/chris/ros2_ws/src/moveit_controller/build/moveit_controller': CMAKE_PREFIX_PATH=${CMAKE_PREFIX_PATH}:/opt/ros/humble /usr/bin/cmake --install /home/chris/ros2_ws/src/moveit_controller/build/moveit_controller
[3.603s] -- Install configuration: ""
[3.603s] -- Installing: /home/chris/ros2_ws/src/moveit_controller/install/moveit_controller/lib/moveit_controller/ethernetip_utils
[3.604s] -- Set runtime path of "/home/chris/ros2_ws/src/moveit_controller/install/moveit_controller/lib/moveit_controller/ethernetip_utils" to ""
[3.604s] -- Installing: /home/chris/ros2_ws/src/moveit_controller/install/moveit_controller/lib/moveit_controller/controller
[3.604s] -- Installing: /home/chris/ros2_ws/src/moveit_controller/install/moveit_controller/share/moveit_controller/environment/pythonpath.sh
[3.604s] -- Installing: /home/chris/ros2_ws/src/moveit_controller/install/moveit_controller/share/moveit_controller/environment/pythonpath.dsv
[3.604s] -- Installing: /home/chris/ros2_ws/src/moveit_controller/install/moveit_controller/local/lib/python3.10/dist-packages/moveit_controller-0.0.0-py3.10.egg-info
[3.604s] -- Installing: /home/chris/ros2_ws/src/moveit_controller/install/moveit_controller/local/lib/python3.10/dist-packages/moveit_controller-0.0.0-py3.10.egg-info/dependency_links.txt
[3.605s] -- Installing: /home/chris/ros2_ws/src/moveit_controller/install/moveit_controller/local/lib/python3.10/dist-packages/moveit_controller-0.0.0-py3.10.egg-info/top_level.txt
[3.605s] -- Installing: /home/chris/ros2_ws/src/moveit_controller/install/moveit_controller/local/lib/python3.10/dist-packages/moveit_controller-0.0.0-py3.10.egg-info/SOURCES.txt
[3.605s] -- Installing: /home/chris/ros2_ws/src/moveit_controller/install/moveit_controller/local/lib/python3.10/dist-packages/moveit_controller-0.0.0-py3.10.egg-info/PKG-INFO
[3.605s] -- Installing: /home/chris/ros2_ws/src/moveit_controller/install/moveit_controller/local/lib/python3.10/dist-packages/moveit_controller
[3.605s] -- Installing: /home/chris/ros2_ws/src/moveit_controller/install/moveit_controller/local/lib/python3.10/dist-packages/moveit_controller/goal_builder.py
[3.605s] -- Installing: /home/chris/ros2_ws/src/moveit_controller/install/moveit_controller/local/lib/python3.10/dist-packages/moveit_controller/error_codes.py
[3.605s] -- Installing: /home/chris/ros2_ws/src/moveit_controller/install/moveit_controller/local/lib/python3.10/dist-packages/moveit_controller/socket_utils.py
[3.606s] -- Installing: /home/chris/ros2_ws/src/moveit_controller/install/moveit_controller/local/lib/python3.10/dist-packages/moveit_controller/controller.py
[3.606s] -- Installing: /home/chris/ros2_ws/src/moveit_controller/install/moveit_controller/local/lib/python3.10/dist-packages/moveit_controller/__init__.py
[3.652s] Listing '/home/chris/ros2_ws/src/moveit_controller/install/moveit_controller/local/lib/python3.10/dist-packages/moveit_controller'...
[3.652s] Compiling '/home/chris/ros2_ws/src/moveit_controller/install/moveit_controller/local/lib/python3.10/dist-packages/moveit_controller/__init__.py'...
[3.652s] Compiling '/home/chris/ros2_ws/src/moveit_controller/install/moveit_controller/local/lib/python3.10/dist-packages/moveit_controller/controller.py'...
[3.652s] Compiling '/home/chris/ros2_ws/src/moveit_controller/install/moveit_controller/local/lib/python3.10/dist-packages/moveit_controller/error_codes.py'...
[3.652s] Compiling '/home/chris/ros2_ws/src/moveit_controller/install/moveit_controller/local/lib/python3.10/dist-packages/moveit_controller/goal_builder.py'...
[3.652s] Compiling '/home/chris/ros2_ws/src/moveit_controller/install/moveit_controller/local/lib/python3.10/dist-packages/moveit_controller/socket_utils.py'...
[3.657s] -- Installing: /home/chris/ros2_ws/src/moveit_controller/install/moveit_controller/share/moveit_controller/launch
[3.657s] -- Installing: /home/chris/ros2_ws/src/moveit_controller/install/moveit_controller/share/moveit_controller/launch/global_start.launch.py
[3.657s] -- Installing: /home/chris/ros2_ws/src/moveit_controller/install/moveit_controller/share/moveit_controller/launch/ethernet_start.launch.py
[3.658s] -- Installing: /home/chris/ros2_ws/src/moveit_controller/install/moveit_controller/share/moveit_controller/launch/fanuc_nodes.launch.py
[3.658s] -- Installing: /home/chris/ros2_ws/src/moveit_controller/install/moveit_controller/share/ament_index/resource_index/package_run_dependencies/moveit_controller
[3.658s] -- Installing: /home/chris/ros2_ws/src/moveit_controller/install/moveit_controller/share/ament_index/resource_index/parent_prefix_path/moveit_controller
[3.658s] -- Installing: /home/chris/ros2_ws/src/moveit_controller/install/moveit_controller/share/moveit_controller/environment/ament_prefix_path.sh
[3.658s] -- Installing: /home/chris/ros2_ws/src/moveit_controller/install/moveit_controller/share/moveit_controller/environment/ament_prefix_path.dsv
[3.659s] -- Installing: /home/chris/ros2_ws/src/moveit_controller/install/moveit_controller/share/moveit_controller/environment/path.sh
[3.659s] -- Installing: /home/chris/ros2_ws/src/moveit_controller/install/moveit_controller/share/moveit_controller/environment/path.dsv
[3.659s] -- Installing: /home/chris/ros2_ws/src/moveit_controller/install/moveit_controller/share/moveit_controller/local_setup.bash
[3.659s] -- Installing: /home/chris/ros2_ws/src/moveit_controller/install/moveit_controller/share/moveit_controller/local_setup.sh
[3.659s] -- Installing: /home/chris/ros2_ws/src/moveit_controller/install/moveit_controller/share/moveit_controller/local_setup.zsh
[3.660s] -- Installing: /home/chris/ros2_ws/src/moveit_controller/install/moveit_controller/share/moveit_controller/local_setup.dsv
[3.660s] -- Installing: /home/chris/ros2_ws/src/moveit_controller/install/moveit_controller/share/moveit_controller/package.dsv
[3.660s] -- Installing: /home/chris/ros2_ws/src/moveit_controller/install/moveit_controller/share/ament_index/resource_index/packages/moveit_controller
[3.660s] -- Installing: /home/chris/ros2_ws/src/moveit_controller/install/moveit_controller/share/moveit_controller/cmake/moveit_controllerConfig.cmake
[3.661s] -- Installing: /home/chris/ros2_ws/src/moveit_controller/install/moveit_controller/share/moveit_controller/cmake/moveit_controllerConfig-version.cmake
[3.661s] -- Installing: /home/chris/ros2_ws/src/moveit_controller/install/moveit_controller/share/moveit_controller/package.xml
[3.664s] Invoked command in '/home/chris/ros2_ws/src/moveit_controller/build/moveit_controller' returned '0': CMAKE_PREFIX_PATH=${CMAKE_PREFIX_PATH}:/opt/ros/humble /usr/bin/cmake --install /home/chris/ros2_ws/src/moveit_controller/build/moveit_controller
