[1.794s] DEBUG:colcon:Command line arguments: ['/usr/bin/colcon', 'build', '--packages-select', 'moveit_controller']
[1.795s] DEBUG:colcon:Parsed command line arguments: Namespace(log_base=None, log_level=None, verb_name='build', build_base='build', install_base='install', merge_install=False, symlink_install=False, test_result_base=None, continue_on_error=False, executor='parallel', parallel_workers=12, event_handlers=None, ignore_user_meta=False, metas=['./colcon.meta'], base_paths=['.'], packages_ignore=None, packages_ignore_regex=None, paths=None, packages_up_to=None, packages_up_to_regex=None, packages_above=None, packages_above_and_dependencies=None, packages_above_depth=None, packages_select_by_dep=None, packages_skip_by_dep=None, packages_skip_up_to=None, packages_select_build_failed=False, packages_skip_build_finished=False, packages_select_test_failures=False, packages_skip_test_passed=False, packages_select=['moveit_controller'], packages_skip=None, packages_select_regex=None, packages_skip_regex=None, packages_start=None, packages_end=None, allow_overriding=[], cmake_args=None, cmake_target=None, cmake_target_skip_unavailable=False, cmake_clean_cache=False, cmake_clean_first=False, cmake_force_configure=False, ament_cmake_args=None, catkin_cmake_args=None, catkin_skip_building_tests=False, verb_parser=<colcon_defaults.argument_parser.defaults.DefaultArgumentsDecorator object at 0x7b51eb995d50>, verb_extension=<colcon_core.verb.build.BuildVerb object at 0x7b51eb994d90>, main=<bound method BuildVerb.main of <colcon_core.verb.build.BuildVerb object at 0x7b51eb994d90>>)
[1.843s] Level 1:colcon.colcon_core.package_discovery:discover_packages(colcon_meta) check parameters
[1.844s] Level 1:colcon.colcon_core.package_discovery:discover_packages(recursive) check parameters
[1.844s] Level 1:colcon.colcon_core.package_discovery:discover_packages(ignore) check parameters
[1.844s] Level 1:colcon.colcon_core.package_discovery:discover_packages(path) check parameters
[1.844s] Level 1:colcon.colcon_core.package_discovery:discover_packages(colcon_meta) discover
[1.844s] Level 1:colcon.colcon_core.package_discovery:discover_packages(recursive) discover
[1.844s] INFO:colcon.colcon_core.package_discovery:Crawling recursively for packages in '/home/chris/ros2_ws/src/moveit_controller'
[1.844s] Level 1:colcon.colcon_core.package_identification:_identify(.) by extensions ['ignore', 'ignore_ament_install']
[1.844s] Level 1:colcon.colcon_core.package_identification:_identify(.) by extension 'ignore'
[1.844s] Level 1:colcon.colcon_core.package_identification:_identify(.) by extension 'ignore_ament_install'
[1.844s] Level 1:colcon.colcon_core.package_identification:_identify(.) by extensions ['colcon_pkg']
[1.844s] Level 1:colcon.colcon_core.package_identification:_identify(.) by extension 'colcon_pkg'
[1.844s] Level 1:colcon.colcon_core.package_identification:_identify(.) by extensions ['colcon_meta']
[1.844s] Level 1:colcon.colcon_core.package_identification:_identify(.) by extension 'colcon_meta'
[1.844s] Level 1:colcon.colcon_core.package_identification:_identify(.) by extensions ['ros']
[1.844s] Level 1:colcon.colcon_core.package_identification:_identify(.) by extension 'ros'
[1.858s] DEBUG:colcon.colcon_core.package_identification:Package '.' with type 'ros.ament_cmake' and name 'moveit_controller'
[1.858s] Level 1:colcon.colcon_core.package_discovery:discover_packages(recursive) using defaults
[1.858s] Level 1:colcon.colcon_core.package_discovery:discover_packages(ignore) discover
[1.858s] Level 1:colcon.colcon_core.package_discovery:discover_packages(ignore) using defaults
[1.858s] Level 1:colcon.colcon_core.package_discovery:discover_packages(path) discover
[1.858s] Level 1:colcon.colcon_core.package_discovery:discover_packages(path) using defaults
[1.967s] Level 1:colcon.colcon_core.package_discovery:discover_packages(prefix_path) check parameters
[1.967s] Level 1:colcon.colcon_core.package_discovery:discover_packages(prefix_path) discover
[2.004s] DEBUG:colcon.colcon_installed_package_information.package_discovery:Found 1 installed packages in /home/chris/ros2_ws/install
[2.034s] DEBUG:colcon.colcon_installed_package_information.package_discovery:Found 5 installed packages in /home/chris/ros2_ws/src/fanuc_ros2_driver
[2.052s] DEBUG:colcon.colcon_installed_package_information.package_discovery:Found 354 installed packages in /opt/ros/humble
[2.053s] Level 1:colcon.colcon_core.package_discovery:discover_packages(prefix_path) using defaults
[2.164s] Level 5:colcon.colcon_core.verb:set package 'moveit_controller' build argument 'cmake_args' from command line to 'None'
[2.164s] Level 5:colcon.colcon_core.verb:set package 'moveit_controller' build argument 'cmake_target' from command line to 'None'
[2.164s] Level 5:colcon.colcon_core.verb:set package 'moveit_controller' build argument 'cmake_target_skip_unavailable' from command line to 'False'
[2.164s] Level 5:colcon.colcon_core.verb:set package 'moveit_controller' build argument 'cmake_clean_cache' from command line to 'False'
[2.164s] Level 5:colcon.colcon_core.verb:set package 'moveit_controller' build argument 'cmake_clean_first' from command line to 'False'
[2.164s] Level 5:colcon.colcon_core.verb:set package 'moveit_controller' build argument 'cmake_force_configure' from command line to 'False'
[2.164s] Level 5:colcon.colcon_core.verb:set package 'moveit_controller' build argument 'ament_cmake_args' from command line to 'None'
[2.164s] Level 5:colcon.colcon_core.verb:set package 'moveit_controller' build argument 'catkin_cmake_args' from command line to 'None'
[2.164s] Level 5:colcon.colcon_core.verb:set package 'moveit_controller' build argument 'catkin_skip_building_tests' from command line to 'False'
[2.164s] DEBUG:colcon.colcon_core.verb:Building package 'moveit_controller' with the following arguments: {'ament_cmake_args': None, 'build_base': '/home/chris/ros2_ws/src/moveit_controller/build/moveit_controller', 'catkin_cmake_args': None, 'catkin_skip_building_tests': False, 'cmake_args': None, 'cmake_clean_cache': False, 'cmake_clean_first': False, 'cmake_force_configure': False, 'cmake_target': None, 'cmake_target_skip_unavailable': False, 'install_base': '/home/chris/ros2_ws/src/moveit_controller/install/moveit_controller', 'merge_install': False, 'path': '/home/chris/ros2_ws/src/moveit_controller', 'symlink_install': False, 'test_result_base': None}
[2.181s] INFO:colcon.colcon_core.executor:Executing jobs using 'parallel' executor
[2.199s] DEBUG:colcon.colcon_parallel_executor.executor.parallel:run_until_complete
[2.199s] INFO:colcon.colcon_ros.task.ament_cmake.build:Building ROS package in '/home/chris/ros2_ws/src/moveit_controller' with build type 'ament_cmake'
[2.199s] INFO:colcon.colcon_cmake.task.cmake.build:Building CMake package in '/home/chris/ros2_ws/src/moveit_controller'
[2.222s] INFO:colcon.colcon_core.plugin_system:Skipping extension 'colcon_core.shell.bat': Not used on non-Windows systems
[2.222s] INFO:colcon.colcon_core.shell:Skip shell extension 'powershell' for command environment: Not usable outside of PowerShell
[2.222s] DEBUG:colcon.colcon_core.shell:Skip shell extension 'dsv' for command environment
[2.298s] DEBUG:colcon.colcon_core.event_handler.log_command:Invoking command in '/home/chris/ros2_ws/src/moveit_controller/build/moveit_controller': CMAKE_PREFIX_PATH=${CMAKE_PREFIX_PATH}:/opt/ros/humble /usr/bin/cmake /home/chris/ros2_ws/src/moveit_controller -DCMAKE_INSTALL_PREFIX=/home/chris/ros2_ws/src/moveit_controller/install/moveit_controller
[3.748s] DEBUG:colcon.colcon_core.event_handler.log_command:Invoked command in '/home/chris/ros2_ws/src/moveit_controller/build/moveit_controller' returned '0': CMAKE_PREFIX_PATH=${CMAKE_PREFIX_PATH}:/opt/ros/humble /usr/bin/cmake /home/chris/ros2_ws/src/moveit_controller -DCMAKE_INSTALL_PREFIX=/home/chris/ros2_ws/src/moveit_controller/install/moveit_controller
[3.750s] DEBUG:colcon.colcon_core.event_handler.log_command:Invoking command in '/home/chris/ros2_ws/src/moveit_controller/build/moveit_controller': CMAKE_PREFIX_PATH=${CMAKE_PREFIX_PATH}:/opt/ros/humble /usr/bin/cmake --build /home/chris/ros2_ws/src/moveit_controller/build/moveit_controller -- -j12 -l12
[4.259s] DEBUG:colcon.colcon_core.event_handler.log_command:Invoked command in '/home/chris/ros2_ws/src/moveit_controller/build/moveit_controller' returned '0': CMAKE_PREFIX_PATH=${CMAKE_PREFIX_PATH}:/opt/ros/humble /usr/bin/cmake --build /home/chris/ros2_ws/src/moveit_controller/build/moveit_controller -- -j12 -l12
[4.296s] DEBUG:colcon.colcon_core.event_handler.log_command:Invoking command in '/home/chris/ros2_ws/src/moveit_controller/build/moveit_controller': CMAKE_PREFIX_PATH=${CMAKE_PREFIX_PATH}:/opt/ros/humble /usr/bin/cmake --install /home/chris/ros2_ws/src/moveit_controller/build/moveit_controller
[4.351s] Level 1:colcon.colcon_core.environment:create_environment_scripts_only(moveit_controller)
[4.351s] DEBUG:colcon.colcon_core.event_handler.log_command:Invoked command in '/home/chris/ros2_ws/src/moveit_controller/build/moveit_controller' returned '0': CMAKE_PREFIX_PATH=${CMAKE_PREFIX_PATH}:/opt/ros/humble /usr/bin/cmake --install /home/chris/ros2_ws/src/moveit_controller/build/moveit_controller
[4.370s] Level 1:colcon.colcon_core.environment:checking '/home/chris/ros2_ws/src/moveit_controller/install/moveit_controller' for CMake module files
[4.370s] Level 1:colcon.colcon_core.environment:checking '/home/chris/ros2_ws/src/moveit_controller/install/moveit_controller' for CMake config files
[4.370s] Level 1:colcon.colcon_core.shell:create_environment_hook('moveit_controller', 'cmake_prefix_path')
[4.387s] INFO:colcon.colcon_core.shell:Creating environment hook '/home/chris/ros2_ws/src/moveit_controller/install/moveit_controller/share/moveit_controller/hook/cmake_prefix_path.ps1'
[4.388s] INFO:colcon.colcon_core.shell:Creating environment descriptor '/home/chris/ros2_ws/src/moveit_controller/install/moveit_controller/share/moveit_controller/hook/cmake_prefix_path.dsv'
[4.388s] INFO:colcon.colcon_core.shell:Creating environment hook '/home/chris/ros2_ws/src/moveit_controller/install/moveit_controller/share/moveit_controller/hook/cmake_prefix_path.sh'
[4.389s] Level 1:colcon.colcon_core.environment:checking '/home/chris/ros2_ws/src/moveit_controller/install/moveit_controller/lib'
[4.389s] Level 1:colcon.colcon_core.environment:checking '/home/chris/ros2_ws/src/moveit_controller/install/moveit_controller/bin'
[4.389s] Level 1:colcon.colcon_core.environment:checking '/home/chris/ros2_ws/src/moveit_controller/install/moveit_controller/lib/pkgconfig/moveit_controller.pc'
[4.389s] Level 1:colcon.colcon_core.environment:checking '/home/chris/ros2_ws/src/moveit_controller/install/moveit_controller/lib/python3.10/site-packages'
[4.389s] Level 1:colcon.colcon_core.environment:checking '/home/chris/ros2_ws/src/moveit_controller/install/moveit_controller/bin'
[4.406s] INFO:colcon.colcon_core.shell:Creating package script '/home/chris/ros2_ws/src/moveit_controller/install/moveit_controller/share/moveit_controller/package.ps1'
[4.407s] INFO:colcon.colcon_core.shell:Creating package descriptor '/home/chris/ros2_ws/src/moveit_controller/install/moveit_controller/share/moveit_controller/package.dsv'
[4.408s] INFO:colcon.colcon_core.shell:Creating package script '/home/chris/ros2_ws/src/moveit_controller/install/moveit_controller/share/moveit_controller/package.sh'
[4.408s] INFO:colcon.colcon_core.shell:Creating package script '/home/chris/ros2_ws/src/moveit_controller/install/moveit_controller/share/moveit_controller/package.bash'
[4.409s] INFO:colcon.colcon_core.shell:Creating package script '/home/chris/ros2_ws/src/moveit_controller/install/moveit_controller/share/moveit_controller/package.zsh'
[4.409s] Level 1:colcon.colcon_core.environment:create_file_with_runtime_dependencies(/home/chris/ros2_ws/src/moveit_controller/install/moveit_controller/share/colcon-core/packages/moveit_controller)
[4.456s] Level 1:colcon.colcon_core.environment:create_environment_scripts_only(moveit_controller)
[4.476s] Level 1:colcon.colcon_core.environment:checking '/home/chris/ros2_ws/src/moveit_controller/install/moveit_controller' for CMake module files
[4.476s] Level 1:colcon.colcon_core.environment:checking '/home/chris/ros2_ws/src/moveit_controller/install/moveit_controller' for CMake config files
[4.476s] Level 1:colcon.colcon_core.shell:create_environment_hook('moveit_controller', 'cmake_prefix_path')
[4.493s] INFO:colcon.colcon_core.shell:Creating environment hook '/home/chris/ros2_ws/src/moveit_controller/install/moveit_controller/share/moveit_controller/hook/cmake_prefix_path.ps1'
[4.493s] INFO:colcon.colcon_core.shell:Creating environment descriptor '/home/chris/ros2_ws/src/moveit_controller/install/moveit_controller/share/moveit_controller/hook/cmake_prefix_path.dsv'
[4.494s] INFO:colcon.colcon_core.shell:Creating environment hook '/home/chris/ros2_ws/src/moveit_controller/install/moveit_controller/share/moveit_controller/hook/cmake_prefix_path.sh'
[4.494s] Level 1:colcon.colcon_core.environment:checking '/home/chris/ros2_ws/src/moveit_controller/install/moveit_controller/lib'
[4.494s] Level 1:colcon.colcon_core.environment:checking '/home/chris/ros2_ws/src/moveit_controller/install/moveit_controller/bin'
[4.494s] Level 1:colcon.colcon_core.environment:checking '/home/chris/ros2_ws/src/moveit_controller/install/moveit_controller/lib/pkgconfig/moveit_controller.pc'
[4.495s] Level 1:colcon.colcon_core.environment:checking '/home/chris/ros2_ws/src/moveit_controller/install/moveit_controller/lib/python3.10/site-packages'
[4.495s] Level 1:colcon.colcon_core.environment:checking '/home/chris/ros2_ws/src/moveit_controller/install/moveit_controller/bin'
[4.514s] INFO:colcon.colcon_core.shell:Creating package script '/home/chris/ros2_ws/src/moveit_controller/install/moveit_controller/share/moveit_controller/package.ps1'
[4.515s] INFO:colcon.colcon_core.shell:Creating package descriptor '/home/chris/ros2_ws/src/moveit_controller/install/moveit_controller/share/moveit_controller/package.dsv'
[4.515s] INFO:colcon.colcon_core.shell:Creating package script '/home/chris/ros2_ws/src/moveit_controller/install/moveit_controller/share/moveit_controller/package.sh'
[4.515s] INFO:colcon.colcon_core.shell:Creating package script '/home/chris/ros2_ws/src/moveit_controller/install/moveit_controller/share/moveit_controller/package.bash'
[4.516s] INFO:colcon.colcon_core.shell:Creating package script '/home/chris/ros2_ws/src/moveit_controller/install/moveit_controller/share/moveit_controller/package.zsh'
[4.516s] Level 1:colcon.colcon_core.environment:create_file_with_runtime_dependencies(/home/chris/ros2_ws/src/moveit_controller/install/moveit_controller/share/colcon-core/packages/moveit_controller)
[4.516s] DEBUG:colcon.colcon_parallel_executor.executor.parallel:closing loop
[4.517s] DEBUG:colcon.colcon_parallel_executor.executor.parallel:loop closed
[4.517s] DEBUG:colcon.colcon_parallel_executor.executor.parallel:run_until_complete finished with '0'
[4.517s] DEBUG:colcon.colcon_core.event_reactor:joining thread
[4.545s] INFO:colcon.colcon_core.plugin_system:Skipping extension 'colcon_notification.desktop_notification.terminal_notifier': Not used on non-Darwin systems
[4.545s] INFO:colcon.colcon_core.plugin_system:Skipping extension 'colcon_notification.desktop_notification.win32': Not used on non-Windows systems
[4.545s] INFO:colcon.colcon_notification.desktop_notification:Sending desktop notification using 'notify2'
[4.562s] DEBUG:colcon.colcon_core.event_reactor:joined thread
[4.581s] INFO:colcon.colcon_core.shell:Creating prefix script '/home/chris/ros2_ws/src/moveit_controller/install/local_setup.ps1'
[4.582s] INFO:colcon.colcon_core.shell:Creating prefix util module '/home/chris/ros2_ws/src/moveit_controller/install/_local_setup_util_ps1.py'
[4.583s] INFO:colcon.colcon_core.shell:Creating prefix chain script '/home/chris/ros2_ws/src/moveit_controller/install/setup.ps1'
[4.604s] INFO:colcon.colcon_core.shell:Creating prefix script '/home/chris/ros2_ws/src/moveit_controller/install/local_setup.sh'
[4.605s] INFO:colcon.colcon_core.shell:Creating prefix util module '/home/chris/ros2_ws/src/moveit_controller/install/_local_setup_util_sh.py'
[4.605s] INFO:colcon.colcon_core.shell:Creating prefix chain script '/home/chris/ros2_ws/src/moveit_controller/install/setup.sh'
[4.624s] INFO:colcon.colcon_core.shell:Creating prefix script '/home/chris/ros2_ws/src/moveit_controller/install/local_setup.bash'
[4.624s] INFO:colcon.colcon_core.shell:Creating prefix chain script '/home/chris/ros2_ws/src/moveit_controller/install/setup.bash'
[4.642s] INFO:colcon.colcon_core.shell:Creating prefix script '/home/chris/ros2_ws/src/moveit_controller/install/local_setup.zsh'
[4.642s] INFO:colcon.colcon_core.shell:Creating prefix chain script '/home/chris/ros2_ws/src/moveit_controller/install/setup.zsh'
